{"/home/thomas/Perso/mcp-ha/mcp_ha/src/config.ts": {"path":"/home/thomas/Perso/mcp-ha/mcp_ha/src/config.ts","statementMap":{"0":{"start":{"line":7,"column":23},"end":{"line":7,"column":null}},"1":{"start":{"line":9,"column":21},"end":{"line":9,"column":null}},"2":{"start":{"line":10,"column":19},"end":{"line":10,"column":null}},"3":{"start":{"line":12,"column":32},"end":{"line":12,"column":null}},"4":{"start":{"line":36,"column":22},"end":{"line":46,"column":null}},"5":{"start":{"line":51,"column":21},"end":{"line":51,"column":null}},"6":{"start":{"line":52,"column":2},"end":{"line":58,"column":null}},"7":{"start":{"line":53,"column":4},"end":{"line":57,"column":null}},"8":{"start":{"line":54,"column":6},"end":{"line":54,"column":null}},"9":{"start":{"line":56,"column":6},"end":{"line":56,"column":null}},"10":{"start":{"line":59,"column":2},"end":{"line":59,"column":null}},"11":{"start":{"line":59,"column":69},"end":{"line":59,"column":null}},"12":{"start":{"line":60,"column":17},"end":{"line":60,"column":null}},"13":{"start":{"line":61,"column":2},"end":{"line":61,"column":null}},"14":{"start":{"line":61,"column":22},"end":{"line":61,"column":null}},"15":{"start":{"line":62,"column":2},"end":{"line":66,"column":null}},"16":{"start":{"line":64,"column":18},"end":{"line":64,"column":53}},"17":{"start":{"line":67,"column":2},"end":{"line":67,"column":null}},"18":{"start":{"line":71,"column":12},"end":{"line":71,"column":null}},"19":{"start":{"line":72,"column":2},"end":{"line":75,"column":null}},"20":{"start":{"line":73,"column":4},"end":{"line":73,"column":null}},"21":{"start":{"line":74,"column":4},"end":{"line":74,"column":null}},"22":{"start":{"line":76,"column":2},"end":{"line":76,"column":null}},"23":{"start":{"line":80,"column":15},"end":{"line":80,"column":null}},"24":{"start":{"line":82,"column":16},"end":{"line":82,"column":null}},"25":{"start":{"line":83,"column":2},"end":{"line":83,"column":null}},"26":{"start":{"line":85,"column":6},"end":{"line":85,"column":null}},"27":{"start":{"line":86,"column":26},"end":{"line":86,"column":null}},"28":{"start":{"line":87,"column":2},"end":{"line":97,"column":null}},"29":{"start":{"line":88,"column":4},"end":{"line":88,"column":null}},"30":{"start":{"line":89,"column":4},"end":{"line":89,"column":null}},"31":{"start":{"line":90,"column":9},"end":{"line":97,"column":null}},"32":{"start":{"line":93,"column":4},"end":{"line":96,"column":null}},"33":{"start":{"line":99,"column":2},"end":{"line":111,"column":null}},"34":{"start":{"line":105,"column":57},"end":{"line":105,"column":76}},"35":{"start":{"line":106,"column":55},"end":{"line":106,"column":74}},"36":{"start":{"line":107,"column":57},"end":{"line":107,"column":76}},"37":{"start":{"line":124,"column":2},"end":{"line":136,"column":null}},"38":{"start":{"line":125,"column":4},"end":{"line":133,"column":null}},"39":{"start":{"line":126,"column":16},"end":{"line":126,"column":null}},"40":{"start":{"line":127,"column":6},"end":{"line":132,"column":null}},"41":{"start":{"line":128,"column":8},"end":{"line":130,"column":null}},"42":{"start":{"line":131,"column":8},"end":{"line":131,"column":null}},"43":{"start":{"line":137,"column":12},"end":{"line":137,"column":null}},"44":{"start":{"line":138,"column":2},"end":{"line":150,"column":null}},"45":{"start":{"line":141,"column":4},"end":{"line":141,"column":null}},"46":{"start":{"line":142,"column":4},"end":{"line":142,"column":null}},"47":{"start":{"line":143,"column":4},"end":{"line":145,"column":null}},"48":{"start":{"line":147,"column":4},"end":{"line":149,"column":null}},"49":{"start":{"line":151,"column":2},"end":{"line":151,"column":null}}},"fnMap":{"0":{"name":"readOptions","decl":{"start":{"line":50,"column":9},"end":{"line":50,"column":32}},"loc":{"start":{"line":50,"column":32},"end":{"line":68,"column":null}},"line":50},"1":{"name":"(anonymous_1)","decl":{"start":{"line":64,"column":7},"end":{"line":64,"column":12}},"loc":{"start":{"line":64,"column":18},"end":{"line":64,"column":53}},"line":64},"2":{"name":"parsePort","decl":{"start":{"line":70,"column":9},"end":{"line":70,"column":19}},"loc":{"start":{"line":70,"column":50},"end":{"line":77,"column":null}},"line":70},"3":{"name":"loadConfig","decl":{"start":{"line":79,"column":16},"end":{"line":79,"column":42}},"loc":{"start":{"line":79,"column":42},"end":{"line":112,"column":null}},"line":79},"4":{"name":"(anonymous_4)","decl":{"start":{"line":105,"column":43},"end":{"line":105,"column":51}},"loc":{"start":{"line":105,"column":57},"end":{"line":105,"column":76}},"line":105},"5":{"name":"(anonymous_5)","decl":{"start":{"line":106,"column":41},"end":{"line":106,"column":49}},"loc":{"start":{"line":106,"column":55},"end":{"line":106,"column":74}},"line":106},"6":{"name":"(anonymous_6)","decl":{"start":{"line":107,"column":43},"end":{"line":107,"column":51}},"loc":{"start":{"line":107,"column":57},"end":{"line":107,"column":76}},"line":107},"7":{"name":"bootstrapToken","decl":{"start":{"line":123,"column":9},"end":{"line":123,"column":34}},"loc":{"start":{"line":123,"column":34},"end":{"line":152,"column":null}},"line":123}},"branchMap":{"0":{"loc":{"start":{"line":52,"column":2},"end":{"line":58,"column":null}},"type":"if","locations":[{"start":{"line":52,"column":2},"end":{"line":58,"column":null}},{"start":{},"end":{}}],"line":52},"1":{"loc":{"start":{"line":59,"column":2},"end":{"line":59,"column":null}},"type":"if","locations":[{"start":{"line":59,"column":2},"end":{"line":59,"column":null}},{"start":{},"end":{}}],"line":59},"2":{"loc":{"start":{"line":59,"column":6},"end":{"line":59,"column":69}},"type":"binary-expr","locations":[{"start":{"line":59,"column":6},"end":{"line":59,"column":33}},{"start":{"line":59,"column":33},"end":{"line":59,"column":49}},{"start":{"line":59,"column":49},"end":{"line":59,"column":69}}],"line":59},"3":{"loc":{"start":{"line":61,"column":2},"end":{"line":61,"column":null}},"type":"if","locations":[{"start":{"line":61,"column":2},"end":{"line":61,"column":null}},{"start":{},"end":{}}],"line":61},"4":{"loc":{"start":{"line":71,"column":19},"end":{"line":71,"column":28}},"type":"binary-expr","locations":[{"start":{"line":71,"column":19},"end":{"line":71,"column":24}},{"start":{"line":71,"column":24},"end":{"line":71,"column":28}}],"line":71},"5":{"loc":{"start":{"line":72,"column":2},"end":{"line":75,"column":null}},"type":"if","locations":[{"start":{"line":72,"column":2},"end":{"line":75,"column":null}},{"start":{},"end":{}}],"line":72},"6":{"loc":{"start":{"line":72,"column":6},"end":{"line":72,"column":50}},"type":"binary-expr","locations":[{"start":{"line":72,"column":6},"end":{"line":72,"column":30}},{"start":{"line":72,"column":30},"end":{"line":72,"column":39}},{"start":{"line":72,"column":39},"end":{"line":72,"column":50}}],"line":72},"7":{"loc":{"start":{"line":82,"column":35},"end":{"line":82,"column":74}},"type":"binary-expr","locations":[{"start":{"line":82,"column":35},"end":{"line":82,"column":60}},{"start":{"line":82,"column":60},"end":{"line":82,"column":74}}],"line":82},"8":{"loc":{"start":{"line":85,"column":18},"end":{"line":85,"column":67}},"type":"binary-expr","locations":[{"start":{"line":85,"column":18},"end":{"line":85,"column":36}},{"start":{"line":85,"column":36},"end":{"line":85,"column":65}},{"start":{"line":85,"column":65},"end":{"line":85,"column":67}}],"line":85},"9":{"loc":{"start":{"line":87,"column":2},"end":{"line":97,"column":null}},"type":"if","locations":[{"start":{"line":87,"column":2},"end":{"line":97,"column":null}},{"start":{"line":90,"column":9},"end":{"line":97,"column":null}}],"line":87},"10":{"loc":{"start":{"line":90,"column":9},"end":{"line":97,"column":null}},"type":"if","locations":[{"start":{"line":90,"column":9},"end":{"line":97,"column":null}},{"start":{},"end":{}}],"line":90},"11":{"loc":{"start":{"line":103,"column":16},"end":{"line":103,"column":null}},"type":"binary-expr","locations":[{"start":{"line":103,"column":16},"end":{"line":103,"column":36}},{"start":{"line":103,"column":36},"end":{"line":103,"column":null}}],"line":103},"12":{"loc":{"start":{"line":108,"column":21},"end":{"line":108,"column":null}},"type":"binary-expr","locations":[{"start":{"line":108,"column":21},"end":{"line":108,"column":53}},{"start":{"line":108,"column":53},"end":{"line":108,"column":null}}],"line":108},"13":{"loc":{"start":{"line":109,"column":14},"end":{"line":109,"column":null}},"type":"binary-expr","locations":[{"start":{"line":109,"column":14},"end":{"line":109,"column":36}},{"start":{"line":109,"column":36},"end":{"line":109,"column":null}}],"line":109},"14":{"loc":{"start":{"line":110,"column":16},"end":{"line":110,"column":null}},"type":"binary-expr","locations":[{"start":{"line":110,"column":16},"end":{"line":110,"column":40}},{"start":{"line":110,"column":40},"end":{"line":110,"column":null}}],"line":110},"15":{"loc":{"start":{"line":125,"column":4},"end":{"line":133,"column":null}},"type":"if","locations":[{"start":{"line":125,"column":4},"end":{"line":133,"column":null}},{"start":{},"end":{}}],"line":125},"16":{"loc":{"start":{"line":127,"column":6},"end":{"line":132,"column":null}},"type":"if","locations":[{"start":{"line":127,"column":6},"end":{"line":132,"column":null}},{"start":{},"end":{}}],"line":127}},"s":{"0":2,"1":2,"2":2,"3":2,"4":2,"5":11,"6":11,"7":4,"8":4,"9":0,"10":11,"11":1,"12":11,"13":11,"14":10,"15":1,"16":3,"17":1,"18":11,"19":11,"20":2,"21":2,"22":9,"23":11,"24":11,"25":11,"26":11,"27":11,"28":11,"29":3,"30":3,"31":8,"32":1,"33":11,"34":1,"35":1,"36":1,"37":3,"38":3,"39":1,"40":1,"41":1,"42":1,"43":2,"44":2,"45":2,"46":2,"47":2,"48":0,"49":2},"f":{"0":11,"1":3,"2":11,"3":11,"4":1,"5":1,"6":1,"7":3},"b":{"0":[4,7],"1":[1,10],"2":[11,11,10],"3":[10,1],"4":[11,8],"5":[2,9],"6":[11,10,10],"7":[11,10],"8":[11,9,3],"9":[3,8],"10":[1,7],"11":[11,10],"12":[11,10],"13":[11,11],"14":[11,11],"15":[1,2],"16":[1,0]},"meta":{"lastBranch":17,"lastFunction":8,"lastStatement":50,"seen":{"s:7:23:7:Infinity":0,"s:9:21:9:Infinity":1,"s:10:19:10:Infinity":2,"s:12:32:12:Infinity":3,"s:36:22:46:Infinity":4,"f:50:9:50:32":0,"s:51:21:51:Infinity":5,"b:52:2:58:Infinity:undefined:undefined:undefined:undefined":0,"s:52:2:58:Infinity":6,"s:53:4:57:Infinity":7,"s:54:6:54:Infinity":8,"s:56:6:56:Infinity":9,"b:59:2:59:Infinity:undefined:undefined:undefined:undefined":1,"s:59:2:59:Infinity":10,"b:59:6:59:33:59:33:59:49:59:49:59:69":2,"s:59:69:59:Infinity":11,"s:60:17:60:Infinity":12,"b:61:2:61:Infinity:undefined:undefined:undefined:undefined":3,"s:61:2:61:Infinity":13,"s:61:22:61:Infinity":14,"s:62:2:66:Infinity":15,"f:64:7:64:12":1,"s:64:18:64:53":16,"s:67:2:67:Infinity":17,"f:70:9:70:19":2,"s:71:12:71:Infinity":18,"b:71:19:71:24:71:24:71:28":4,"b:72:2:75:Infinity:undefined:undefined:undefined:undefined":5,"s:72:2:75:Infinity":19,"b:72:6:72:30:72:30:72:39:72:39:72:50":6,"s:73:4:73:Infinity":20,"s:74:4:74:Infinity":21,"s:76:2:76:Infinity":22,"f:79:16:79:42":3,"s:80:15:80:Infinity":23,"s:82:16:82:Infinity":24,"b:82:35:82:60:82:60:82:74":7,"s:83:2:83:Infinity":25,"s:85:6:85:Infinity":26,"b:85:18:85:36:85:36:85:65:85:65:85:67":8,"s:86:26:86:Infinity":27,"b:87:2:97:Infinity:90:9:97:Infinity":9,"s:87:2:97:Infinity":28,"s:88:4:88:Infinity":29,"s:89:4:89:Infinity":30,"b:90:9:97:Infinity:undefined:undefined:undefined:undefined":10,"s:90:9:97:Infinity":31,"s:93:4:96:Infinity":32,"s:99:2:111:Infinity":33,"b:103:16:103:36:103:36:103:Infinity":11,"f:105:43:105:51":4,"s:105:57:105:76":34,"f:106:41:106:49":5,"s:106:55:106:74":35,"f:107:43:107:51":6,"s:107:57:107:76":36,"b:108:21:108:53:108:53:108:Infinity":12,"b:109:14:109:36:109:36:109:Infinity":13,"b:110:16:110:40:110:40:110:Infinity":14,"f:123:9:123:34":7,"s:124:2:136:Infinity":37,"b:125:4:133:Infinity:undefined:undefined:undefined:undefined":15,"s:125:4:133:Infinity":38,"s:126:16:126:Infinity":39,"b:127:6:132:Infinity:undefined:undefined:undefined:undefined":16,"s:127:6:132:Infinity":40,"s:128:8:130:Infinity":41,"s:131:8:131:Infinity":42,"s:137:12:137:Infinity":43,"s:138:2:150:Infinity":44,"s:141:4:141:Infinity":45,"s:142:4:142:Infinity":46,"s:143:4:145:Infinity":47,"s:147:4:149:Infinity":48,"s:151:2:151:Infinity":49},"fnNames":{}}}
,"/home/thomas/Perso/mcp-ha/mcp_ha/src/index.ts": {"path":"/home/thomas/Perso/mcp-ha/mcp_ha/src/index.ts","statementMap":{"0":{"start":{"line":13,"column":23},"end":{"line":13,"column":null}},"1":{"start":{"line":15,"column":29},"end":{"line":15,"column":null}},"2":{"start":{"line":16,"column":26},"end":{"line":16,"column":null}},"3":{"start":{"line":18,"column":32},"end":{"line":18,"column":null}},"4":{"start":{"line":23,"column":2},"end":{"line":44,"column":null}},"5":{"start":{"line":24,"column":29},"end":{"line":24,"column":null}},"6":{"start":{"line":25,"column":15},"end":{"line":25,"column":null}},"7":{"start":{"line":26,"column":4},"end":{"line":34,"column":null}},"8":{"start":{"line":27,"column":6},"end":{"line":27,"column":null}},"9":{"start":{"line":28,"column":6},"end":{"line":32,"column":null}},"10":{"start":{"line":29,"column":8},"end":{"line":29,"column":null}},"11":{"start":{"line":30,"column":8},"end":{"line":30,"column":null}},"12":{"start":{"line":31,"column":8},"end":{"line":31,"column":null}},"13":{"start":{"line":33,"column":6},"end":{"line":33,"column":null}},"14":{"start":{"line":35,"column":4},"end":{"line":42,"column":null}},"15":{"start":{"line":36,"column":6},"end":{"line":36,"column":null}},"16":{"start":{"line":36,"column":31},"end":{"line":36,"column":null}},"17":{"start":{"line":37,"column":6},"end":{"line":41,"column":null}},"18":{"start":{"line":38,"column":8},"end":{"line":38,"column":null}},"19":{"start":{"line":40,"column":8},"end":{"line":40,"column":null}},"20":{"start":{"line":43,"column":4},"end":{"line":43,"column":null}},"21":{"start":{"line":48,"column":2},"end":{"line":48,"column":null}},"22":{"start":{"line":49,"column":2},"end":{"line":49,"column":null}},"23":{"start":{"line":53,"column":2},"end":{"line":53,"column":null}},"24":{"start":{"line":61,"column":22},"end":{"line":61,"column":null}},"25":{"start":{"line":62,"column":18},"end":{"line":62,"column":null}},"26":{"start":{"line":63,"column":2},"end":{"line":138,"column":null}},"27":{"start":{"line":64,"column":16},"end":{"line":64,"column":null}},"28":{"start":{"line":66,"column":4},"end":{"line":77,"column":null}},"29":{"start":{"line":70,"column":22},"end":{"line":70,"column":null}},"30":{"start":{"line":71,"column":23},"end":{"line":71,"column":null}},"31":{"start":{"line":72,"column":6},"end":{"line":75,"column":null}},"32":{"start":{"line":76,"column":6},"end":{"line":76,"column":null}},"33":{"start":{"line":79,"column":4},"end":{"line":82,"column":null}},"34":{"start":{"line":80,"column":6},"end":{"line":80,"column":null}},"35":{"start":{"line":81,"column":6},"end":{"line":81,"column":null}},"36":{"start":{"line":84,"column":4},"end":{"line":89,"column":null}},"37":{"start":{"line":85,"column":6},"end":{"line":87,"column":null}},"38":{"start":{"line":88,"column":6},"end":{"line":88,"column":null}},"39":{"start":{"line":91,"column":15},"end":{"line":91,"column":null}},"40":{"start":{"line":92,"column":20},"end":{"line":92,"column":null}},"41":{"start":{"line":93,"column":4},"end":{"line":98,"column":null}},"42":{"start":{"line":94,"column":6},"end":{"line":96,"column":null}},"43":{"start":{"line":97,"column":6},"end":{"line":97,"column":null}},"44":{"start":{"line":100,"column":17},"end":{"line":100,"column":null}},"45":{"start":{"line":101,"column":22},"end":{"line":101,"column":null}},"46":{"start":{"line":102,"column":4},"end":{"line":107,"column":null}},"47":{"start":{"line":103,"column":22},"end":{"line":103,"column":null}},"48":{"start":{"line":104,"column":6},"end":{"line":104,"column":null}},"49":{"start":{"line":105,"column":6},"end":{"line":105,"column":null}},"50":{"start":{"line":106,"column":6},"end":{"line":106,"column":null}},"51":{"start":{"line":108,"column":4},"end":{"line":108,"column":null}},"52":{"start":{"line":110,"column":4},"end":{"line":137,"column":null}},"53":{"start":{"line":111,"column":19},"end":{"line":111,"column":null}},"54":{"start":{"line":112,"column":6},"end":{"line":112,"column":null}},"55":{"start":{"line":116,"column":21},"end":{"line":116,"column":null}},"56":{"start":{"line":117,"column":24},"end":{"line":119,"column":null}},"57":{"start":{"line":120,"column":6},"end":{"line":123,"column":null}},"58":{"start":{"line":121,"column":8},"end":{"line":121,"column":null}},"59":{"start":{"line":122,"column":8},"end":{"line":122,"column":null}},"60":{"start":{"line":124,"column":6},"end":{"line":124,"column":null}},"61":{"start":{"line":125,"column":6},"end":{"line":125,"column":null}},"62":{"start":{"line":127,"column":18},"end":{"line":127,"column":null}},"63":{"start":{"line":128,"column":6},"end":{"line":128,"column":null}},"64":{"start":{"line":129,"column":6},"end":{"line":136,"column":null}},"65":{"start":{"line":132,"column":8},"end":{"line":133,"column":null}},"66":{"start":{"line":132,"column":36},"end":{"line":132,"column":null}},"67":{"start":{"line":133,"column":13},"end":{"line":133,"column":null}},"68":{"start":{"line":135,"column":8},"end":{"line":135,"column":null}},"69":{"start":{"line":156,"column":2},"end":{"line":156,"column":null}},"70":{"start":{"line":156,"column":59},"end":{"line":156,"column":null}},"71":{"start":{"line":157,"column":2},"end":{"line":183,"column":null}},"72":{"start":{"line":157,"column":21},"end":{"line":157,"column":26}},"73":{"start":{"line":158,"column":4},"end":{"line":182,"column":null}},"74":{"start":{"line":159,"column":19},"end":{"line":159,"column":null}},"75":{"start":{"line":160,"column":22},"end":{"line":160,"column":null}},"76":{"start":{"line":161,"column":6},"end":{"line":164,"column":null}},"77":{"start":{"line":162,"column":8},"end":{"line":162,"column":null}},"78":{"start":{"line":163,"column":8},"end":{"line":163,"column":null}},"79":{"start":{"line":165,"column":6},"end":{"line":167,"column":null}},"80":{"start":{"line":168,"column":6},"end":{"line":168,"column":null}},"81":{"start":{"line":169,"column":6},"end":{"line":169,"column":null}},"82":{"start":{"line":171,"column":18},"end":{"line":171,"column":null}},"83":{"start":{"line":172,"column":20},"end":{"line":172,"column":null}},"84":{"start":{"line":173,"column":6},"end":{"line":179,"column":null}},"85":{"start":{"line":174,"column":8},"end":{"line":177,"column":null}},"86":{"start":{"line":178,"column":8},"end":{"line":178,"column":null}},"87":{"start":{"line":180,"column":6},"end":{"line":180,"column":null}},"88":{"start":{"line":181,"column":6},"end":{"line":181,"column":null}},"89":{"start":{"line":181,"column":31},"end":{"line":181,"column":51}},"90":{"start":{"line":187,"column":2},"end":{"line":198,"column":null}},"91":{"start":{"line":188,"column":18},"end":{"line":193,"column":null}},"92":{"start":{"line":191,"column":6},"end":{"line":191,"column":null}},"93":{"start":{"line":192,"column":6},"end":{"line":192,"column":null}},"94":{"start":{"line":194,"column":4},"end":{"line":197,"column":null}},"95":{"start":{"line":195,"column":6},"end":{"line":195,"column":null}},"96":{"start":{"line":196,"column":6},"end":{"line":196,"column":null}},"97":{"start":{"line":202,"column":14},"end":{"line":202,"column":25}},"98":{"start":{"line":204,"column":13},"end":{"line":204,"column":null}},"99":{"start":{"line":205,"column":18},"end":{"line":205,"column":null}},"100":{"start":{"line":207,"column":2},"end":{"line":207,"column":null}},"101":{"start":{"line":207,"column":21},"end":{"line":207,"column":41}},"102":{"start":{"line":208,"column":2},"end":{"line":208,"column":null}},"103":{"start":{"line":209,"column":15},"end":{"line":209,"column":null}},"104":{"start":{"line":210,"column":27},"end":{"line":210,"column":null}},"105":{"start":{"line":211,"column":2},"end":{"line":211,"column":null}},"106":{"start":{"line":213,"column":21},"end":{"line":213,"column":null}},"107":{"start":{"line":215,"column":2},"end":{"line":221,"column":null}},"108":{"start":{"line":216,"column":4},"end":{"line":216,"column":null}},"109":{"start":{"line":217,"column":4},"end":{"line":217,"column":null}},"110":{"start":{"line":218,"column":4},"end":{"line":218,"column":null}},"111":{"start":{"line":219,"column":4},"end":{"line":219,"column":null}},"112":{"start":{"line":220,"column":4},"end":{"line":220,"column":null}},"113":{"start":{"line":220,"column":25},"end":{"line":220,"column":null}},"114":{"start":{"line":223,"column":17},"end":{"line":223,"column":null}},"115":{"start":{"line":224,"column":8},"end":{"line":232,"column":null}},"116":{"start":{"line":225,"column":4},"end":{"line":225,"column":null}},"117":{"start":{"line":225,"column":18},"end":{"line":225,"column":null}},"118":{"start":{"line":226,"column":4},"end":{"line":226,"column":null}},"119":{"start":{"line":227,"column":4},"end":{"line":227,"column":null}},"120":{"start":{"line":228,"column":4},"end":{"line":231,"column":null}},"121":{"start":{"line":229,"column":6},"end":{"line":229,"column":null}},"122":{"start":{"line":230,"column":6},"end":{"line":230,"column":null}},"123":{"start":{"line":233,"column":2},"end":{"line":233,"column":null}},"124":{"start":{"line":234,"column":2},"end":{"line":234,"column":null}},"125":{"start":{"line":239,"column":0},"end":{"line":244,"column":null}},"126":{"start":{"line":240,"column":2},"end":{"line":243,"column":null}},"127":{"start":{"line":241,"column":4},"end":{"line":241,"column":null}},"128":{"start":{"line":242,"column":4},"end":{"line":242,"column":null}}},"fnMap":{"0":{"name":"readJsonBody","decl":{"start":{"line":22,"column":9},"end":{"line":22,"column":22}},"loc":{"start":{"line":22,"column":62},"end":{"line":45,"column":null}},"line":22},"1":{"name":"(anonymous_1)","decl":{"start":{"line":23,"column":13},"end":{"line":23,"column":22}},"loc":{"start":{"line":23,"column":42},"end":{"line":44,"column":3}},"line":23},"2":{"name":"(anonymous_2)","decl":{"start":{"line":26,"column":11},"end":{"line":26,"column":20}},"loc":{"start":{"line":26,"column":34},"end":{"line":34,"column":5}},"line":26},"3":{"name":"(anonymous_3)","decl":{"start":{"line":35,"column":11},"end":{"line":35,"column":24}},"loc":{"start":{"line":35,"column":24},"end":{"line":42,"column":5}},"line":35},"4":{"name":"sendJson","decl":{"start":{"line":47,"column":9},"end":{"line":47,"column":18}},"loc":{"start":{"line":47,"column":114},"end":{"line":50,"column":null}},"line":47},"5":{"name":"rpcError","decl":{"start":{"line":52,"column":9},"end":{"line":52,"column":18}},"loc":{"start":{"line":52,"column":130},"end":{"line":54,"column":null}},"line":52},"6":{"name":"createHandler","decl":{"start":{"line":60,"column":16},"end":{"line":60,"column":30}},"loc":{"start":{"line":60,"column":110},"end":{"line":139,"column":null}},"line":60},"7":{"name":"(anonymous_7)","decl":{"start":{"line":63,"column":9},"end":{"line":63,"column":16}},"loc":{"start":{"line":63,"column":29},"end":{"line":138,"column":null}},"line":63},"8":{"name":"(anonymous_8)","decl":{"start":{"line":120,"column":13},"end":{"line":120,"column":28}},"loc":{"start":{"line":120,"column":28},"end":{"line":123,"column":7}},"line":120},"9":{"name":"persistGeneratedToken","decl":{"start":{"line":151,"column":22},"end":{"line":151,"column":null}},"loc":{"start":{"line":155,"column":20},"end":{"line":184,"column":null}},"line":155},"10":{"name":"(anonymous_10)","decl":{"start":{"line":181,"column":16},"end":{"line":181,"column":25}},"loc":{"start":{"line":181,"column":31},"end":{"line":181,"column":51}},"line":181},"11":{"name":"closeWithGrace","decl":{"start":{"line":186,"column":9},"end":{"line":186,"column":24}},"loc":{"start":{"line":186,"column":72},"end":{"line":199,"column":null}},"line":186},"12":{"name":"(anonymous_12)","decl":{"start":{"line":187,"column":13},"end":{"line":187,"column":22}},"loc":{"start":{"line":187,"column":34},"end":{"line":198,"column":3}},"line":187},"13":{"name":"(anonymous_13)","decl":{"start":{"line":188,"column":18},"end":{"line":188,"column":35}},"loc":{"start":{"line":188,"column":35},"end":{"line":193,"column":7}},"line":188},"14":{"name":"(anonymous_14)","decl":{"start":{"line":194,"column":11},"end":{"line":194,"column":23}},"loc":{"start":{"line":194,"column":23},"end":{"line":197,"column":5}},"line":194},"15":{"name":"main","decl":{"start":{"line":201,"column":15},"end":{"line":201,"column":37}},"loc":{"start":{"line":201,"column":37},"end":{"line":235,"column":null}},"line":201},"16":{"name":"(anonymous_16)","decl":{"start":{"line":207,"column":5},"end":{"line":207,"column":21}},"loc":{"start":{"line":207,"column":21},"end":{"line":207,"column":41}},"line":207},"17":{"name":"(anonymous_17)","decl":{"start":{"line":215,"column":30},"end":{"line":215,"column":47}},"loc":{"start":{"line":215,"column":47},"end":{"line":221,"column":3}},"line":215},"18":{"name":"(anonymous_18)","decl":{"start":{"line":224,"column":8},"end":{"line":224,"column":27}},"loc":{"start":{"line":224,"column":27},"end":{"line":232,"column":null}},"line":224},"19":{"name":"(anonymous_19)","decl":{"start":{"line":228,"column":55},"end":{"line":228,"column":66}},"loc":{"start":{"line":228,"column":66},"end":{"line":231,"column":5}},"line":228},"20":{"name":"(anonymous_20)","decl":{"start":{"line":240,"column":9},"end":{"line":240,"column":16}},"loc":{"start":{"line":240,"column":22},"end":{"line":243,"column":3}},"line":240}},"branchMap":{"0":{"loc":{"start":{"line":28,"column":6},"end":{"line":32,"column":null}},"type":"if","locations":[{"start":{"line":28,"column":6},"end":{"line":32,"column":null}},{"start":{},"end":{}}],"line":28},"1":{"loc":{"start":{"line":36,"column":6},"end":{"line":36,"column":null}},"type":"if","locations":[{"start":{"line":36,"column":6},"end":{"line":36,"column":null}},{"start":{},"end":{}}],"line":36},"2":{"loc":{"start":{"line":47,"column":70},"end":{"line":47,"column":114}},"type":"default-arg","locations":[{"start":{"line":47,"column":104},"end":{"line":47,"column":114}}],"line":47},"3":{"loc":{"start":{"line":52,"column":86},"end":{"line":52,"column":130}},"type":"default-arg","locations":[{"start":{"line":52,"column":120},"end":{"line":52,"column":130}}],"line":52},"4":{"loc":{"start":{"line":64,"column":24},"end":{"line":64,"column":40}},"type":"binary-expr","locations":[{"start":{"line":64,"column":24},"end":{"line":64,"column":35}},{"start":{"line":64,"column":35},"end":{"line":64,"column":40}}],"line":64},"5":{"loc":{"start":{"line":66,"column":4},"end":{"line":77,"column":null}},"type":"if","locations":[{"start":{"line":66,"column":4},"end":{"line":77,"column":null}},{"start":{},"end":{}}],"line":66},"6":{"loc":{"start":{"line":66,"column":8},"end":{"line":66,"column":60}},"type":"binary-expr","locations":[{"start":{"line":66,"column":8},"end":{"line":66,"column":38}},{"start":{"line":66,"column":38},"end":{"line":66,"column":60}}],"line":66},"7":{"loc":{"start":{"line":71,"column":23},"end":{"line":71,"column":null}},"type":"binary-expr","locations":[{"start":{"line":71,"column":23},"end":{"line":71,"column":43}},{"start":{"line":71,"column":43},"end":{"line":71,"column":null}}],"line":71},"8":{"loc":{"start":{"line":72,"column":20},"end":{"line":72,"column":42}},"type":"cond-expr","locations":[{"start":{"line":72,"column":31},"end":{"line":72,"column":37}},{"start":{"line":72,"column":37},"end":{"line":72,"column":42}}],"line":72},"9":{"loc":{"start":{"line":73,"column":16},"end":{"line":73,"column":null}},"type":"cond-expr","locations":[{"start":{"line":73,"column":27},"end":{"line":73,"column":40}},{"start":{"line":73,"column":40},"end":{"line":73,"column":null}}],"line":73},"10":{"loc":{"start":{"line":79,"column":4},"end":{"line":82,"column":null}},"type":"if","locations":[{"start":{"line":79,"column":4},"end":{"line":82,"column":null}},{"start":{},"end":{}}],"line":79},"11":{"loc":{"start":{"line":84,"column":4},"end":{"line":89,"column":null}},"type":"if","locations":[{"start":{"line":84,"column":4},"end":{"line":89,"column":null}},{"start":{},"end":{}}],"line":84},"12":{"loc":{"start":{"line":91,"column":15},"end":{"line":91,"column":null}},"type":"binary-expr","locations":[{"start":{"line":91,"column":15},"end":{"line":91,"column":43}},{"start":{"line":91,"column":43},"end":{"line":91,"column":null}}],"line":91},"13":{"loc":{"start":{"line":93,"column":4},"end":{"line":98,"column":null}},"type":"if","locations":[{"start":{"line":93,"column":4},"end":{"line":98,"column":null}},{"start":{},"end":{}}],"line":93},"14":{"loc":{"start":{"line":100,"column":17},"end":{"line":100,"column":null}},"type":"binary-expr","locations":[{"start":{"line":100,"column":17},"end":{"line":100,"column":46}},{"start":{"line":100,"column":46},"end":{"line":100,"column":null}}],"line":100},"15":{"loc":{"start":{"line":102,"column":4},"end":{"line":107,"column":null}},"type":"if","locations":[{"start":{"line":102,"column":4},"end":{"line":107,"column":null}},{"start":{},"end":{}}],"line":102},"16":{"loc":{"start":{"line":102,"column":8},"end":{"line":102,"column":66}},"type":"binary-expr","locations":[{"start":{"line":102,"column":8},"end":{"line":102,"column":22}},{"start":{"line":102,"column":22},"end":{"line":102,"column":66}}],"line":102},"17":{"loc":{"start":{"line":104,"column":55},"end":{"line":104,"column":102}},"type":"cond-expr","locations":[{"start":{"line":104,"column":69},"end":{"line":104,"column":98}},{"start":{"line":104,"column":98},"end":{"line":104,"column":102}}],"line":104},"18":{"loc":{"start":{"line":112,"column":36},"end":{"line":112,"column":75}},"type":"binary-expr","locations":[{"start":{"line":112,"column":36},"end":{"line":112,"column":64}},{"start":{"line":112,"column":64},"end":{"line":112,"column":75}}],"line":112},"19":{"loc":{"start":{"line":127,"column":18},"end":{"line":127,"column":null}},"type":"cond-expr","locations":[{"start":{"line":127,"column":39},"end":{"line":127,"column":51}},{"start":{"line":127,"column":51},"end":{"line":127,"column":null}}],"line":127},"20":{"loc":{"start":{"line":129,"column":6},"end":{"line":136,"column":null}},"type":"if","locations":[{"start":{"line":129,"column":6},"end":{"line":136,"column":null}},{"start":{"line":134,"column":13},"end":{"line":136,"column":null}}],"line":129},"21":{"loc":{"start":{"line":132,"column":8},"end":{"line":133,"column":null}},"type":"if","locations":[{"start":{"line":132,"column":8},"end":{"line":133,"column":null}},{"start":{"line":133,"column":13},"end":{"line":133,"column":null}}],"line":132},"22":{"loc":{"start":{"line":154,"column":2},"end":{"line":154,"column":null}},"type":"default-arg","locations":[{"start":{"line":154,"column":21},"end":{"line":154,"column":null}}],"line":154},"23":{"loc":{"start":{"line":156,"column":2},"end":{"line":156,"column":null}},"type":"if","locations":[{"start":{"line":156,"column":2},"end":{"line":156,"column":null}},{"start":{},"end":{}}],"line":156},"24":{"loc":{"start":{"line":156,"column":6},"end":{"line":156,"column":59}},"type":"binary-expr","locations":[{"start":{"line":156,"column":6},"end":{"line":156,"column":32}},{"start":{"line":156,"column":32},"end":{"line":156,"column":59}}],"line":156},"25":{"loc":{"start":{"line":160,"column":22},"end":{"line":160,"column":null}},"type":"binary-expr","locations":[{"start":{"line":160,"column":22},"end":{"line":160,"column":39}},{"start":{"line":160,"column":39},"end":{"line":160,"column":null}}],"line":160},"26":{"loc":{"start":{"line":161,"column":6},"end":{"line":164,"column":null}},"type":"if","locations":[{"start":{"line":161,"column":6},"end":{"line":164,"column":null}},{"start":{},"end":{}}],"line":161},"27":{"loc":{"start":{"line":161,"column":10},"end":{"line":161,"column":77}},"type":"binary-expr","locations":[{"start":{"line":161,"column":10},"end":{"line":161,"column":51}},{"start":{"line":161,"column":51},"end":{"line":161,"column":77}}],"line":161},"28":{"loc":{"start":{"line":171,"column":18},"end":{"line":171,"column":null}},"type":"cond-expr","locations":[{"start":{"line":171,"column":39},"end":{"line":171,"column":51}},{"start":{"line":171,"column":51},"end":{"line":171,"column":null}}],"line":171},"29":{"loc":{"start":{"line":173,"column":6},"end":{"line":179,"column":null}},"type":"if","locations":[{"start":{"line":173,"column":6},"end":{"line":179,"column":null}},{"start":{},"end":{}}],"line":173},"30":{"loc":{"start":{"line":217,"column":22},"end":{"line":217,"column":84}},"type":"cond-expr","locations":[{"start":{"line":217,"column":44},"end":{"line":217,"column":68}},{"start":{"line":217,"column":68},"end":{"line":217,"column":84}}],"line":217},"31":{"loc":{"start":{"line":219,"column":44},"end":{"line":219,"column":124}},"type":"cond-expr","locations":[{"start":{"line":219,"column":61},"end":{"line":219,"column":101}},{"start":{"line":219,"column":101},"end":{"line":219,"column":124}}],"line":219},"32":{"loc":{"start":{"line":220,"column":4},"end":{"line":220,"column":null}},"type":"if","locations":[{"start":{"line":220,"column":4},"end":{"line":220,"column":null}},{"start":{},"end":{}}],"line":220},"33":{"loc":{"start":{"line":225,"column":4},"end":{"line":225,"column":null}},"type":"if","locations":[{"start":{"line":225,"column":4},"end":{"line":225,"column":null}},{"start":{},"end":{}}],"line":225},"34":{"loc":{"start":{"line":239,"column":0},"end":{"line":244,"column":null}},"type":"if","locations":[{"start":{"line":239,"column":0},"end":{"line":244,"column":null}},{"start":{},"end":{}}],"line":239},"35":{"loc":{"start":{"line":239,"column":4},"end":{"line":239,"column":86}},"type":"binary-expr","locations":[{"start":{"line":239,"column":4},"end":{"line":239,"column":23}},{"start":{"line":239,"column":23},"end":{"line":239,"column":86}}],"line":239},"36":{"loc":{"start":{"line":241,"column":33},"end":{"line":241,"column":88}},"type":"cond-expr","locations":[{"start":{"line":241,"column":54},"end":{"line":241,"column":77}},{"start":{"line":241,"column":77},"end":{"line":241,"column":88}}],"line":241},"37":{"loc":{"start":{"line":241,"column":54},"end":{"line":241,"column":77}},"type":"binary-expr","locations":[{"start":{"line":241,"column":54},"end":{"line":241,"column":65}},{"start":{"line":241,"column":65},"end":{"line":241,"column":77}}],"line":241}},"s":{"0":1,"1":1,"2":1,"3":1,"4":4,"5":4,"6":4,"7":4,"8":68,"9":68,"10":1,"11":1,"12":1,"13":67,"14":4,"15":3,"16":0,"17":3,"18":3,"19":1,"20":4,"21":9,"22":9,"23":5,"24":7,"25":7,"26":7,"27":11,"28":11,"29":3,"30":3,"31":3,"32":3,"33":8,"34":1,"35":1,"36":7,"37":1,"38":1,"39":6,"40":11,"41":11,"42":0,"43":0,"44":6,"45":11,"46":11,"47":2,"48":2,"49":2,"50":2,"51":4,"52":4,"53":4,"54":2,"55":11,"56":11,"57":11,"58":2,"59":2,"60":11,"61":2,"62":2,"63":2,"64":2,"65":2,"66":2,"67":0,"68":0,"69":6,"70":2,"71":4,"72":4,"73":7,"74":7,"75":3,"76":7,"77":1,"78":1,"79":2,"80":2,"81":2,"82":4,"83":4,"84":4,"85":1,"86":1,"87":3,"88":3,"89":3,"90":0,"91":0,"92":0,"93":0,"94":0,"95":0,"96":0,"97":0,"98":0,"99":0,"100":0,"101":0,"102":0,"103":0,"104":0,"105":0,"106":0,"107":0,"108":0,"109":0,"110":0,"111":0,"112":0,"113":0,"114":0,"115":0,"116":0,"117":0,"118":0,"119":0,"120":0,"121":0,"122":0,"123":0,"124":0,"125":1,"126":0,"127":0,"128":0},"f":{"0":4,"1":4,"2":68,"3":3,"4":9,"5":5,"6":7,"7":11,"8":2,"9":6,"10":3,"11":0,"12":0,"13":0,"14":0,"15":0,"16":0,"17":0,"18":0,"19":0,"20":0},"b":{"0":[1,67],"1":[0,3],"2":[9],"3":[5],"4":[11,0],"5":[3,8],"6":[11,3],"7":[3,2],"8":[1,2],"9":[1,2],"10":[1,7],"11":[1,6],"12":[6,0],"13":[0,11],"14":[6,1],"15":[2,9],"16":[11,5],"17":[0,2],"18":[2,0],"19":[2,0],"20":[2,0],"21":[2,0],"22":[6],"23":[2,4],"24":[6,5],"25":[3,0],"26":[1,6],"27":[7,2],"28":[4,0],"29":[1,3],"30":[0,0],"31":[0,0],"32":[0,0],"33":[0,0],"34":[0,1],"35":[1,1],"36":[0,0],"37":[0,0]},"meta":{"lastBranch":38,"lastFunction":21,"lastStatement":129,"seen":{"s:13:23:13:Infinity":0,"s:15:29:15:Infinity":1,"s:16:26:16:Infinity":2,"s:18:32:18:Infinity":3,"f:22:9:22:22":0,"s:23:2:44:Infinity":4,"f:23:13:23:22":1,"s:24:29:24:Infinity":5,"s:25:15:25:Infinity":6,"s:26:4:34:Infinity":7,"f:26:11:26:20":2,"s:27:6:27:Infinity":8,"b:28:6:32:Infinity:undefined:undefined:undefined:undefined":0,"s:28:6:32:Infinity":9,"s:29:8:29:Infinity":10,"s:30:8:30:Infinity":11,"s:31:8:31:Infinity":12,"s:33:6:33:Infinity":13,"s:35:4:42:Infinity":14,"f:35:11:35:24":3,"b:36:6:36:Infinity:undefined:undefined:undefined:undefined":1,"s:36:6:36:Infinity":15,"s:36:31:36:Infinity":16,"s:37:6:41:Infinity":17,"s:38:8:38:Infinity":18,"s:40:8:40:Infinity":19,"s:43:4:43:Infinity":20,"f:47:9:47:18":4,"b:47:104:47:114":2,"s:48:2:48:Infinity":21,"s:49:2:49:Infinity":22,"f:52:9:52:18":5,"b:52:120:52:130":3,"s:53:2:53:Infinity":23,"f:60:16:60:30":6,"s:61:22:61:Infinity":24,"s:62:18:62:Infinity":25,"s:63:2:138:Infinity":26,"f:63:9:63:16":7,"s:64:16:64:Infinity":27,"b:64:24:64:35:64:35:64:40":4,"b:66:4:77:Infinity:undefined:undefined:undefined:undefined":5,"s:66:4:77:Infinity":28,"b:66:8:66:38:66:38:66:60":6,"s:70:22:70:Infinity":29,"s:71:23:71:Infinity":30,"b:71:23:71:43:71:43:71:Infinity":7,"s:72:6:75:Infinity":31,"b:72:31:72:37:72:37:72:42":8,"b:73:27:73:40:73:40:73:Infinity":9,"s:76:6:76:Infinity":32,"b:79:4:82:Infinity:undefined:undefined:undefined:undefined":10,"s:79:4:82:Infinity":33,"s:80:6:80:Infinity":34,"s:81:6:81:Infinity":35,"b:84:4:89:Infinity:undefined:undefined:undefined:undefined":11,"s:84:4:89:Infinity":36,"s:85:6:87:Infinity":37,"s:88:6:88:Infinity":38,"s:91:15:91:Infinity":39,"b:91:15:91:43:91:43:91:Infinity":12,"s:92:20:92:Infinity":40,"b:93:4:98:Infinity:undefined:undefined:undefined:undefined":13,"s:93:4:98:Infinity":41,"s:94:6:96:Infinity":42,"s:97:6:97:Infinity":43,"s:100:17:100:Infinity":44,"b:100:17:100:46:100:46:100:Infinity":14,"s:101:22:101:Infinity":45,"b:102:4:107:Infinity:undefined:undefined:undefined:undefined":15,"s:102:4:107:Infinity":46,"b:102:8:102:22:102:22:102:66":16,"s:103:22:103:Infinity":47,"s:104:6:104:Infinity":48,"b:104:69:104:98:104:98:104:102":17,"s:105:6:105:Infinity":49,"s:106:6:106:Infinity":50,"s:108:4:108:Infinity":51,"s:110:4:137:Infinity":52,"s:111:19:111:Infinity":53,"s:112:6:112:Infinity":54,"b:112:36:112:64:112:64:112:75":18,"s:116:21:116:Infinity":55,"s:117:24:119:Infinity":56,"s:120:6:123:Infinity":57,"f:120:13:120:28":8,"s:121:8:121:Infinity":58,"s:122:8:122:Infinity":59,"s:124:6:124:Infinity":60,"s:125:6:125:Infinity":61,"s:127:18:127:Infinity":62,"b:127:39:127:51:127:51:127:Infinity":19,"s:128:6:128:Infinity":63,"b:129:6:136:Infinity:134:13:136:Infinity":20,"s:129:6:136:Infinity":64,"b:132:8:133:Infinity:133:13:133:Infinity":21,"s:132:8:133:Infinity":65,"s:132:36:132:Infinity":66,"s:133:13:133:Infinity":67,"s:135:8:135:Infinity":68,"f:151:22:151:Infinity":9,"b:154:21:154:Infinity":22,"b:156:2:156:Infinity:undefined:undefined:undefined:undefined":23,"s:156:2:156:Infinity":69,"b:156:6:156:32:156:32:156:59":24,"s:156:59:156:Infinity":70,"s:157:2:183:Infinity":71,"s:157:21:157:26":72,"s:158:4:182:Infinity":73,"s:159:19:159:Infinity":74,"s:160:22:160:Infinity":75,"b:160:22:160:39:160:39:160:Infinity":25,"b:161:6:164:Infinity:undefined:undefined:undefined:undefined":26,"s:161:6:164:Infinity":76,"b:161:10:161:51:161:51:161:77":27,"s:162:8:162:Infinity":77,"s:163:8:163:Infinity":78,"s:165:6:167:Infinity":79,"s:168:6:168:Infinity":80,"s:169:6:169:Infinity":81,"s:171:18:171:Infinity":82,"b:171:39:171:51:171:51:171:Infinity":28,"s:172:20:172:Infinity":83,"b:173:6:179:Infinity:undefined:undefined:undefined:undefined":29,"s:173:6:179:Infinity":84,"s:174:8:177:Infinity":85,"s:178:8:178:Infinity":86,"s:180:6:180:Infinity":87,"s:181:6:181:Infinity":88,"f:181:16:181:25":10,"s:181:31:181:51":89,"f:186:9:186:24":11,"s:187:2:198:Infinity":90,"f:187:13:187:22":12,"s:188:18:193:Infinity":91,"f:188:18:188:35":13,"s:191:6:191:Infinity":92,"s:192:6:192:Infinity":93,"s:194:4:197:Infinity":94,"f:194:11:194:23":14,"s:195:6:195:Infinity":95,"s:196:6:196:Infinity":96,"f:201:15:201:37":15,"s:202:14:202:25":97,"s:204:13:204:Infinity":98,"s:205:18:205:Infinity":99,"s:207:2:207:Infinity":100,"f:207:5:207:21":16,"s:207:21:207:41":101,"s:208:2:208:Infinity":102,"s:209:15:209:Infinity":103,"s:210:27:210:Infinity":104,"s:211:2:211:Infinity":105,"s:213:21:213:Infinity":106,"s:215:2:221:Infinity":107,"f:215:30:215:47":17,"s:216:4:216:Infinity":108,"s:217:4:217:Infinity":109,"b:217:44:217:68:217:68:217:84":30,"s:218:4:218:Infinity":110,"s:219:4:219:Infinity":111,"b:219:61:219:101:219:101:219:124":31,"b:220:4:220:Infinity:undefined:undefined:undefined:undefined":32,"s:220:4:220:Infinity":112,"s:220:25:220:Infinity":113,"s:223:17:223:Infinity":114,"s:224:8:232:Infinity":115,"f:224:8:224:27":18,"b:225:4:225:Infinity:undefined:undefined:undefined:undefined":33,"s:225:4:225:Infinity":116,"s:225:18:225:Infinity":117,"s:226:4:226:Infinity":118,"s:227:4:227:Infinity":119,"s:228:4:231:Infinity":120,"f:228:55:228:66":19,"s:229:6:229:Infinity":121,"s:230:6:230:Infinity":122,"s:233:2:233:Infinity":123,"s:234:2:234:Infinity":124,"b:239:0:244:Infinity:undefined:undefined:undefined:undefined":34,"s:239:0:244:Infinity":125,"b:239:4:239:23:239:23:239:86":35,"s:240:2:243:Infinity":126,"f:240:9:240:16":20,"s:241:4:241:Infinity":127,"b:241:54:241:77:241:77:241:88":36,"b:241:54:241:65:241:65:241:77":37,"s:242:4:242:Infinity":128},"fnNames":{}}}
,"/home/thomas/Perso/mcp-ha/mcp_ha/src/logger.ts": {"path":"/home/thomas/Perso/mcp-ha/mcp_ha/src/logger.ts","statementMap":{"0":{"start":{"line":4,"column":26},"end":{"line":12,"column":null}},"1":{"start":{"line":16,"column":24},"end":{"line":16,"column":null}},"2":{"start":{"line":17,"column":29},"end":{"line":17,"column":null}},"3":{"start":{"line":21,"column":21},"end":{"line":21,"column":null}},"4":{"start":{"line":22,"column":2},"end":{"line":25,"column":null}},"5":{"start":{"line":23,"column":4},"end":{"line":23,"column":null}},"6":{"start":{"line":24,"column":4},"end":{"line":24,"column":null}},"7":{"start":{"line":26,"column":2},"end":{"line":26,"column":null}},"8":{"start":{"line":30,"column":2},"end":{"line":30,"column":null}},"9":{"start":{"line":34,"column":2},"end":{"line":34,"column":null}},"10":{"start":{"line":34,"column":37},"end":{"line":34,"column":null}},"11":{"start":{"line":35,"column":2},"end":{"line":35,"column":null}},"12":{"start":{"line":38,"column":19},"end":{"line":46,"column":null}},"13":{"start":{"line":39,"column":32},"end":{"line":39,"column":null}},"14":{"start":{"line":40,"column":32},"end":{"line":40,"column":null}},"15":{"start":{"line":41,"column":31},"end":{"line":41,"column":null}},"16":{"start":{"line":42,"column":33},"end":{"line":42,"column":null}},"17":{"start":{"line":43,"column":34},"end":{"line":43,"column":null}},"18":{"start":{"line":44,"column":32},"end":{"line":44,"column":null}},"19":{"start":{"line":45,"column":32},"end":{"line":45,"column":null}},"20":{"start":{"line":54,"column":2},"end":{"line":54,"column":null}}},"fnMap":{"0":{"name":"setLogLevel","decl":{"start":{"line":20,"column":16},"end":{"line":20,"column":28}},"loc":{"start":{"line":20,"column":53},"end":{"line":27,"column":null}},"line":20},"1":{"name":"getLogLevel","decl":{"start":{"line":29,"column":16},"end":{"line":29,"column":40}},"loc":{"start":{"line":29,"column":40},"end":{"line":31,"column":null}},"line":29},"2":{"name":"emit","decl":{"start":{"line":33,"column":9},"end":{"line":33,"column":14}},"loc":{"start":{"line":33,"column":50},"end":{"line":36,"column":null}},"line":33},"3":{"name":"(anonymous_3)","decl":{"start":{"line":39,"column":2},"end":{"line":39,"column":10}},"loc":{"start":{"line":39,"column":32},"end":{"line":39,"column":null}},"line":39},"4":{"name":"(anonymous_4)","decl":{"start":{"line":40,"column":2},"end":{"line":40,"column":10}},"loc":{"start":{"line":40,"column":32},"end":{"line":40,"column":null}},"line":40},"5":{"name":"(anonymous_5)","decl":{"start":{"line":41,"column":2},"end":{"line":41,"column":9}},"loc":{"start":{"line":41,"column":31},"end":{"line":41,"column":null}},"line":41},"6":{"name":"(anonymous_6)","decl":{"start":{"line":42,"column":2},"end":{"line":42,"column":11}},"loc":{"start":{"line":42,"column":33},"end":{"line":42,"column":null}},"line":42},"7":{"name":"(anonymous_7)","decl":{"start":{"line":43,"column":2},"end":{"line":43,"column":12}},"loc":{"start":{"line":43,"column":34},"end":{"line":43,"column":null}},"line":43},"8":{"name":"(anonymous_8)","decl":{"start":{"line":44,"column":2},"end":{"line":44,"column":10}},"loc":{"start":{"line":44,"column":32},"end":{"line":44,"column":null}},"line":44},"9":{"name":"(anonymous_9)","decl":{"start":{"line":45,"column":2},"end":{"line":45,"column":10}},"loc":{"start":{"line":45,"column":32},"end":{"line":45,"column":null}},"line":45},"10":{"name":"audit","decl":{"start":{"line":53,"column":16},"end":{"line":53,"column":22}},"loc":{"start":{"line":53,"column":60},"end":{"line":55,"column":null}},"line":53}},"branchMap":{"0":{"loc":{"start":{"line":22,"column":2},"end":{"line":25,"column":null}},"type":"if","locations":[{"start":{"line":22,"column":2},"end":{"line":25,"column":null}},{"start":{},"end":{}}],"line":22},"1":{"loc":{"start":{"line":34,"column":2},"end":{"line":34,"column":null}},"type":"if","locations":[{"start":{"line":34,"column":2},"end":{"line":34,"column":null}},{"start":{},"end":{}}],"line":34}},"s":{"0":13,"1":13,"2":13,"3":46,"4":46,"5":45,"6":45,"7":46,"8":3,"9":221,"10":209,"11":12,"12":13,"13":70,"14":100,"15":17,"16":5,"17":24,"18":4,"19":1,"20":9},"f":{"0":46,"1":3,"2":221,"3":70,"4":100,"5":17,"6":5,"7":24,"8":4,"9":1,"10":9},"b":{"0":[45,1],"1":[209,12]},"meta":{"lastBranch":2,"lastFunction":11,"lastStatement":21,"seen":{"s:4:26:12:Infinity":0,"s:16:24:16:Infinity":1,"s:17:29:17:Infinity":2,"f:20:16:20:28":0,"s:21:21:21:Infinity":3,"b:22:2:25:Infinity:undefined:undefined:undefined:undefined":0,"s:22:2:25:Infinity":4,"s:23:4:23:Infinity":5,"s:24:4:24:Infinity":6,"s:26:2:26:Infinity":7,"f:29:16:29:40":1,"s:30:2:30:Infinity":8,"f:33:9:33:14":2,"b:34:2:34:Infinity:undefined:undefined:undefined:undefined":1,"s:34:2:34:Infinity":9,"s:34:37:34:Infinity":10,"s:35:2:35:Infinity":11,"s:38:19:46:Infinity":12,"f:39:2:39:10":3,"s:39:32:39:Infinity":13,"f:40:2:40:10":4,"s:40:32:40:Infinity":14,"f:41:2:41:9":5,"s:41:31:41:Infinity":15,"f:42:2:42:11":6,"s:42:33:42:Infinity":16,"f:43:2:43:12":7,"s:43:34:43:Infinity":17,"f:44:2:44:10":8,"s:44:32:44:Infinity":18,"f:45:2:45:10":9,"s:45:32:45:Infinity":19,"f:53:16:53:22":10,"s:54:2:54:Infinity":20},"fnNames":{}}}
,"/home/thomas/Perso/mcp-ha/mcp_ha/src/ratelimit.ts": {"path":"/home/thomas/Perso/mcp-ha/mcp_ha/src/ratelimit.ts","statementMap":{"0":{"start":{"line":5,"column":22},"end":{"line":5,"column":null}},"1":{"start":{"line":6,"column":22},"end":{"line":6,"column":null}},"2":{"start":{"line":7,"column":21},"end":{"line":7,"column":null}},"3":{"start":{"line":9,"column":24},"end":{"line":9,"column":null}},"4":{"start":{"line":11,"column":20},"end":{"line":11,"column":null}},"5":{"start":{"line":20,"column":20},"end":{"line":20,"column":null}},"6":{"start":{"line":22,"column":22},"end":{"line":22,"column":42}},"7":{"start":{"line":26,"column":14},"end":{"line":26,"column":null}},"8":{"start":{"line":27,"column":4},"end":{"line":27,"column":null}},"9":{"start":{"line":27,"column":12},"end":{"line":27,"column":null}},"10":{"start":{"line":28,"column":16},"end":{"line":28,"column":null}},"11":{"start":{"line":29,"column":4},"end":{"line":32,"column":null}},"12":{"start":{"line":30,"column":6},"end":{"line":30,"column":null}},"13":{"start":{"line":31,"column":6},"end":{"line":31,"column":null}},"14":{"start":{"line":33,"column":4},"end":{"line":33,"column":null}},"15":{"start":{"line":38,"column":16},"end":{"line":38,"column":null}},"16":{"start":{"line":39,"column":4},"end":{"line":39,"column":null}},"17":{"start":{"line":40,"column":14},"end":{"line":40,"column":null}},"18":{"start":{"line":41,"column":4},"end":{"line":41,"column":null}},"19":{"start":{"line":42,"column":4},"end":{"line":42,"column":null}},"20":{"start":{"line":43,"column":4},"end":{"line":46,"column":null}},"21":{"start":{"line":44,"column":23},"end":{"line":44,"column":null}},"22":{"start":{"line":45,"column":6},"end":{"line":45,"column":null}},"23":{"start":{"line":47,"column":4},"end":{"line":47,"column":null}},"24":{"start":{"line":48,"column":4},"end":{"line":48,"column":null}},"25":{"start":{"line":53,"column":4},"end":{"line":53,"column":null}},"26":{"start":{"line":57,"column":4},"end":{"line":57,"column":null}},"27":{"start":{"line":57,"column":41},"end":{"line":57,"column":null}},"28":{"start":{"line":58,"column":4},"end":{"line":60,"column":null}},"29":{"start":{"line":59,"column":6},"end":{"line":59,"column":null}},"30":{"start":{"line":59,"column":46},"end":{"line":59,"column":null}},"31":{"start":{"line":63,"column":4},"end":{"line":67,"column":null}},"32":{"start":{"line":64,"column":21},"end":{"line":64,"column":null}},"33":{"start":{"line":65,"column":6},"end":{"line":65,"column":null}},"34":{"start":{"line":65,"column":32},"end":{"line":65,"column":null}},"35":{"start":{"line":66,"column":6},"end":{"line":66,"column":null}}},"fnMap":{"0":{"name":"constructor","decl":{"start":{"line":22,"column":2},"end":{"line":22,"column":14}},"loc":{"start":{"line":22,"column":52},"end":{"line":22,"column":null}},"line":22},"1":{"name":"retryInMs","decl":{"start":{"line":25,"column":2},"end":{"line":25,"column":12}},"loc":{"start":{"line":25,"column":32},"end":{"line":34,"column":null}},"line":25},"2":{"name":"fail","decl":{"start":{"line":37,"column":2},"end":{"line":37,"column":7}},"loc":{"start":{"line":37,"column":27},"end":{"line":49,"column":null}},"line":37},"3":{"name":"succeed","decl":{"start":{"line":52,"column":2},"end":{"line":52,"column":10}},"loc":{"start":{"line":52,"column":28},"end":{"line":54,"column":null}},"line":52},"4":{"name":"sweep","decl":{"start":{"line":56,"column":2},"end":{"line":56,"column":10}},"loc":{"start":{"line":56,"column":35},"end":{"line":68,"column":null}},"line":56}},"branchMap":{"0":{"loc":{"start":{"line":22,"column":14},"end":{"line":22,"column":52}},"type":"default-arg","locations":[{"start":{"line":22,"column":42},"end":{"line":22,"column":52}}],"line":22},"1":{"loc":{"start":{"line":27,"column":4},"end":{"line":27,"column":null}},"type":"if","locations":[{"start":{"line":27,"column":4},"end":{"line":27,"column":null}},{"start":{},"end":{}}],"line":27},"2":{"loc":{"start":{"line":29,"column":4},"end":{"line":32,"column":null}},"type":"if","locations":[{"start":{"line":29,"column":4},"end":{"line":32,"column":null}},{"start":{},"end":{}}],"line":29},"3":{"loc":{"start":{"line":40,"column":14},"end":{"line":40,"column":null}},"type":"binary-expr","locations":[{"start":{"line":40,"column":14},"end":{"line":40,"column":38}},{"start":{"line":40,"column":38},"end":{"line":40,"column":null}}],"line":40},"4":{"loc":{"start":{"line":43,"column":4},"end":{"line":46,"column":null}},"type":"if","locations":[{"start":{"line":43,"column":4},"end":{"line":46,"column":null}},{"start":{},"end":{}}],"line":43},"5":{"loc":{"start":{"line":57,"column":4},"end":{"line":57,"column":null}},"type":"if","locations":[{"start":{"line":57,"column":4},"end":{"line":57,"column":null}},{"start":{},"end":{}}],"line":57},"6":{"loc":{"start":{"line":59,"column":6},"end":{"line":59,"column":null}},"type":"if","locations":[{"start":{"line":59,"column":6},"end":{"line":59,"column":null}},{"start":{},"end":{}}],"line":59},"7":{"loc":{"start":{"line":65,"column":6},"end":{"line":65,"column":null}},"type":"if","locations":[{"start":{"line":65,"column":6},"end":{"line":65,"column":null}},{"start":{},"end":{}}],"line":65}},"s":{"0":2,"1":2,"2":2,"3":2,"4":2,"5":11,"6":11,"7":12,"8":12,"9":6,"10":6,"11":6,"12":1,"13":1,"14":5,"15":52,"16":52,"17":52,"18":52,"19":52,"20":52,"21":29,"22":29,"23":52,"24":52,"25":5,"26":52,"27":52,"28":0,"29":0,"30":0,"31":0,"32":0,"33":0,"34":0,"35":0},"f":{"0":11,"1":12,"2":52,"3":5,"4":52},"b":{"0":[11],"1":[6,6],"2":[1,5],"3":[52,6],"4":[29,23],"5":[52,0],"6":[0,0],"7":[0,0]},"meta":{"lastBranch":8,"lastFunction":5,"lastStatement":36,"seen":{"s:5:22:5:Infinity":0,"s:6:22:6:Infinity":1,"s:7:21:7:Infinity":2,"s:9:24:9:Infinity":3,"s:11:20:11:Infinity":4,"s:20:20:20:Infinity":5,"f:22:2:22:14":0,"b:22:42:22:52":0,"s:22:22:22:42":6,"f:25:2:25:12":1,"s:26:14:26:Infinity":7,"b:27:4:27:Infinity:undefined:undefined:undefined:undefined":1,"s:27:4:27:Infinity":8,"s:27:12:27:Infinity":9,"s:28:16:28:Infinity":10,"b:29:4:32:Infinity:undefined:undefined:undefined:undefined":2,"s:29:4:32:Infinity":11,"s:30:6:30:Infinity":12,"s:31:6:31:Infinity":13,"s:33:4:33:Infinity":14,"f:37:2:37:7":2,"s:38:16:38:Infinity":15,"s:39:4:39:Infinity":16,"s:40:14:40:Infinity":17,"b:40:14:40:38:40:38:40:Infinity":3,"s:41:4:41:Infinity":18,"s:42:4:42:Infinity":19,"b:43:4:46:Infinity:undefined:undefined:undefined:undefined":4,"s:43:4:46:Infinity":20,"s:44:23:44:Infinity":21,"s:45:6:45:Infinity":22,"s:47:4:47:Infinity":23,"s:48:4:48:Infinity":24,"f:52:2:52:10":3,"s:53:4:53:Infinity":25,"f:56:2:56:10":4,"b:57:4:57:Infinity:undefined:undefined:undefined:undefined":5,"s:57:4:57:Infinity":26,"s:57:41:57:Infinity":27,"s:58:4:60:Infinity":28,"b:59:6:59:Infinity:undefined:undefined:undefined:undefined":6,"s:59:6:59:Infinity":29,"s:59:46:59:Infinity":30,"s:63:4:67:Infinity":31,"s:64:21:64:Infinity":32,"b:65:6:65:Infinity:undefined:undefined:undefined:undefined":7,"s:65:6:65:Infinity":33,"s:65:32:65:Infinity":34,"s:66:6:66:Infinity":35},"fnNames":{}}}
,"/home/thomas/Perso/mcp-ha/mcp_ha/src/safety.ts": {"path":"/home/thomas/Perso/mcp-ha/mcp_ha/src/safety.ts","statementMap":{"0":{"start":{"line":10,"column":18},"end":{"line":13,"column":null}},"1":{"start":{"line":14,"column":2},"end":{"line":14,"column":null}},"2":{"start":{"line":18,"column":2},"end":{"line":18,"column":null}},"3":{"start":{"line":18,"column":27},"end":{"line":18,"column":53}},"4":{"start":{"line":33,"column":2},"end":{"line":35,"column":null}},"5":{"start":{"line":34,"column":4},"end":{"line":34,"column":null}},"6":{"start":{"line":36,"column":2},"end":{"line":38,"column":null}},"7":{"start":{"line":37,"column":4},"end":{"line":37,"column":null}},"8":{"start":{"line":39,"column":2},"end":{"line":39,"column":null}},"9":{"start":{"line":44,"column":15},"end":{"line":44,"column":null}},"10":{"start":{"line":45,"column":2},"end":{"line":47,"column":null}},"11":{"start":{"line":46,"column":4},"end":{"line":46,"column":null}},"12":{"start":{"line":48,"column":2},"end":{"line":48,"column":null}},"13":{"start":{"line":53,"column":2},"end":{"line":53,"column":null}},"14":{"start":{"line":53,"column":24},"end":{"line":53,"column":null}},"15":{"start":{"line":54,"column":2},"end":{"line":54,"column":null}},"16":{"start":{"line":62,"column":13},"end":{"line":62,"column":null}},"17":{"start":{"line":63,"column":13},"end":{"line":63,"column":null}},"18":{"start":{"line":64,"column":2},"end":{"line":64,"column":null}},"19":{"start":{"line":73,"column":2},"end":{"line":73,"column":null}},"20":{"start":{"line":73,"column":15},"end":{"line":73,"column":null}},"21":{"start":{"line":74,"column":2},"end":{"line":74,"column":null}},"22":{"start":{"line":74,"column":32},"end":{"line":74,"column":null}},"23":{"start":{"line":75,"column":2},"end":{"line":75,"column":null}}},"fnMap":{"0":{"name":"globToRegex","decl":{"start":{"line":9,"column":16},"end":{"line":9,"column":28}},"loc":{"start":{"line":9,"column":50},"end":{"line":15,"column":null}},"line":9},"1":{"name":"matchesAny","decl":{"start":{"line":17,"column":16},"end":{"line":17,"column":27}},"loc":{"start":{"line":17,"column":68},"end":{"line":19,"column":null}},"line":17},"2":{"name":"(anonymous_2)","decl":{"start":{"line":18,"column":15},"end":{"line":18,"column":21}},"loc":{"start":{"line":18,"column":27},"end":{"line":18,"column":53}},"line":18},"3":{"name":"entityWriteAllowed","decl":{"start":{"line":32,"column":16},"end":{"line":32,"column":35}},"loc":{"start":{"line":32,"column":80},"end":{"line":40,"column":null}},"line":32},"4":{"name":"serviceAllowed","decl":{"start":{"line":43,"column":16},"end":{"line":43,"column":31}},"loc":{"start":{"line":43,"column":91},"end":{"line":49,"column":null}},"line":43},"5":{"name":"entityReadVisible","decl":{"start":{"line":52,"column":16},"end":{"line":52,"column":34}},"loc":{"start":{"line":52,"column":79},"end":{"line":55,"column":null}},"line":52},"6":{"name":"safeEqual","decl":{"start":{"line":61,"column":16},"end":{"line":61,"column":26}},"loc":{"start":{"line":61,"column":57},"end":{"line":65,"column":null}},"line":61},"7":{"name":"maskSecret","decl":{"start":{"line":72,"column":16},"end":{"line":72,"column":27}},"loc":{"start":{"line":72,"column":64},"end":{"line":76,"column":null}},"line":72}},"branchMap":{"0":{"loc":{"start":{"line":33,"column":2},"end":{"line":35,"column":null}},"type":"if","locations":[{"start":{"line":33,"column":2},"end":{"line":35,"column":null}},{"start":{},"end":{}}],"line":33},"1":{"loc":{"start":{"line":33,"column":6},"end":{"line":33,"column":84}},"type":"binary-expr","locations":[{"start":{"line":33,"column":6},"end":{"line":33,"column":40}},{"start":{"line":33,"column":40},"end":{"line":33,"column":84}}],"line":33},"2":{"loc":{"start":{"line":36,"column":2},"end":{"line":38,"column":null}},"type":"if","locations":[{"start":{"line":36,"column":2},"end":{"line":38,"column":null}},{"start":{},"end":{}}],"line":36},"3":{"loc":{"start":{"line":45,"column":2},"end":{"line":47,"column":null}},"type":"if","locations":[{"start":{"line":45,"column":2},"end":{"line":47,"column":null}},{"start":{},"end":{}}],"line":45},"4":{"loc":{"start":{"line":53,"column":2},"end":{"line":53,"column":null}},"type":"if","locations":[{"start":{"line":53,"column":2},"end":{"line":53,"column":null}},{"start":{},"end":{}}],"line":53},"5":{"loc":{"start":{"line":72,"column":43},"end":{"line":72,"column":64}},"type":"default-arg","locations":[{"start":{"line":72,"column":53},"end":{"line":72,"column":64}}],"line":72},"6":{"loc":{"start":{"line":73,"column":2},"end":{"line":73,"column":null}},"type":"if","locations":[{"start":{"line":73,"column":2},"end":{"line":73,"column":null}},{"start":{},"end":{}}],"line":73},"7":{"loc":{"start":{"line":74,"column":2},"end":{"line":74,"column":null}},"type":"if","locations":[{"start":{"line":74,"column":2},"end":{"line":74,"column":null}},{"start":{},"end":{}}],"line":74}},"s":{"0":307,"1":307,"2":294,"3":298,"4":12,"5":2,"6":10,"7":4,"8":6,"9":15,"10":15,"11":5,"12":10,"13":310,"14":48,"15":262,"16":9,"17":9,"18":9,"19":8,"20":1,"21":7,"22":1,"23":6},"f":{"0":307,"1":294,"2":298,"3":12,"4":15,"5":310,"6":9,"7":8},"b":{"0":[2,10],"1":[12,6],"2":[4,6],"3":[5,10],"4":[48,262],"5":[8],"6":[1,7],"7":[1,6]},"meta":{"lastBranch":8,"lastFunction":8,"lastStatement":24,"seen":{"f:9:16:9:28":0,"s:10:18:13:Infinity":0,"s:14:2:14:Infinity":1,"f:17:16:17:27":1,"s:18:2:18:Infinity":2,"f:18:15:18:21":2,"s:18:27:18:53":3,"f:32:16:32:35":3,"b:33:2:35:Infinity:undefined:undefined:undefined:undefined":0,"s:33:2:35:Infinity":4,"b:33:6:33:40:33:40:33:84":1,"s:34:4:34:Infinity":5,"b:36:2:38:Infinity:undefined:undefined:undefined:undefined":2,"s:36:2:38:Infinity":6,"s:37:4:37:Infinity":7,"s:39:2:39:Infinity":8,"f:43:16:43:31":4,"s:44:15:44:Infinity":9,"b:45:2:47:Infinity:undefined:undefined:undefined:undefined":3,"s:45:2:47:Infinity":10,"s:46:4:46:Infinity":11,"s:48:2:48:Infinity":12,"f:52:16:52:34":5,"b:53:2:53:Infinity:undefined:undefined:undefined:undefined":4,"s:53:2:53:Infinity":13,"s:53:24:53:Infinity":14,"s:54:2:54:Infinity":15,"f:61:16:61:26":6,"s:62:13:62:Infinity":16,"s:63:13:63:Infinity":17,"s:64:2:64:Infinity":18,"f:72:16:72:27":7,"b:72:53:72:64":5,"b:73:2:73:Infinity:undefined:undefined:undefined:undefined":6,"s:73:2:73:Infinity":19,"s:73:15:73:Infinity":20,"b:74:2:74:Infinity:undefined:undefined:undefined:undefined":7,"s:74:2:74:Infinity":21,"s:74:32:74:Infinity":22,"s:75:2:75:Infinity":23},"fnNames":{}}}
,"/home/thomas/Perso/mcp-ha/mcp_ha/src/ha/catalog.ts": {"path":"/home/thomas/Perso/mcp-ha/mcp_ha/src/ha/catalog.ts","statementMap":{"0":{"start":{"line":5,"column":24},"end":{"line":5,"column":null}},"1":{"start":{"line":12,"column":22},"end":{"line":12,"column":null}},"2":{"start":{"line":28,"column":43},"end":{"line":28,"column":null}},"3":{"start":{"line":29,"column":55},"end":{"line":29,"column":null}},"4":{"start":{"line":30,"column":66},"end":{"line":30,"column":null}},"5":{"start":{"line":31,"column":54},"end":{"line":31,"column":null}},"6":{"start":{"line":33,"column":22},"end":{"line":33,"column":38}},"7":{"start":{"line":37,"column":4},"end":{"line":37,"column":null}},"8":{"start":{"line":38,"column":4},"end":{"line":38,"column":null}},"9":{"start":{"line":42,"column":4},"end":{"line":42,"column":null}},"10":{"start":{"line":42,"column":74},"end":{"line":42,"column":null}},"11":{"start":{"line":43,"column":4},"end":{"line":43,"column":null}},"12":{"start":{"line":43,"column":26},"end":{"line":43,"column":null}},"13":{"start":{"line":44,"column":4},"end":{"line":62,"column":null}},"14":{"start":{"line":45,"column":6},"end":{"line":61,"column":null}},"15":{"start":{"line":46,"column":52},"end":{"line":50,"column":null}},"16":{"start":{"line":51,"column":37},"end":{"line":56,"column":null}},"17":{"start":{"line":57,"column":8},"end":{"line":57,"column":null}},"18":{"start":{"line":58,"column":8},"end":{"line":58,"column":null}},"19":{"start":{"line":60,"column":8},"end":{"line":60,"column":null}},"20":{"start":{"line":63,"column":4},"end":{"line":63,"column":null}},"21":{"start":{"line":67,"column":4},"end":{"line":67,"column":null}},"22":{"start":{"line":67,"column":78},"end":{"line":67,"column":null}},"23":{"start":{"line":68,"column":4},"end":{"line":68,"column":null}},"24":{"start":{"line":68,"column":29},"end":{"line":68,"column":null}},"25":{"start":{"line":69,"column":4},"end":{"line":78,"column":null}},"26":{"start":{"line":70,"column":6},"end":{"line":77,"column":null}},"27":{"start":{"line":71,"column":20},"end":{"line":71,"column":null}},"28":{"start":{"line":72,"column":23},"end":{"line":72,"column":null}},"29":{"start":{"line":73,"column":8},"end":{"line":73,"column":null}},"30":{"start":{"line":74,"column":8},"end":{"line":74,"column":null}},"31":{"start":{"line":76,"column":8},"end":{"line":76,"column":null}},"32":{"start":{"line":79,"column":4},"end":{"line":79,"column":null}},"33":{"start":{"line":83,"column":27},"end":{"line":83,"column":null}},"34":{"start":{"line":84,"column":21},"end":{"line":84,"column":null}},"35":{"start":{"line":84,"column":51},"end":{"line":84,"column":70}},"36":{"start":{"line":85,"column":23},"end":{"line":85,"column":null}},"37":{"start":{"line":85,"column":56},"end":{"line":85,"column":72}},"38":{"start":{"line":86,"column":23},"end":{"line":86,"column":null}},"39":{"start":{"line":86,"column":55},"end":{"line":86,"column":64}},"40":{"start":{"line":88,"column":4},"end":{"line":104,"column":null}},"41":{"start":{"line":89,"column":20},"end":{"line":89,"column":null}},"42":{"start":{"line":90,"column":21},"end":{"line":90,"column":null}},"43":{"start":{"line":91,"column":21},"end":{"line":91,"column":null}},"44":{"start":{"line":92,"column":6},"end":{"line":103,"column":null}}},"fnMap":{"0":{"name":"constructor","decl":{"start":{"line":33,"column":2},"end":{"line":33,"column":14}},"loc":{"start":{"line":33,"column":38},"end":{"line":33,"column":null}},"line":33},"1":{"name":"invalidate","decl":{"start":{"line":36,"column":2},"end":{"line":36,"column":21}},"loc":{"start":{"line":36,"column":21},"end":{"line":39,"column":null}},"line":36},"2":{"name":"registries","decl":{"start":{"line":41,"column":8},"end":{"line":41,"column":45}},"loc":{"start":{"line":41,"column":45},"end":{"line":64,"column":null}},"line":41},"3":{"name":"(anonymous_3)","decl":{"start":{"line":44,"column":24},"end":{"line":44,"column":36}},"loc":{"start":{"line":44,"column":36},"end":{"line":62,"column":5}},"line":44},"4":{"name":"states","decl":{"start":{"line":66,"column":8},"end":{"line":66,"column":37}},"loc":{"start":{"line":66,"column":37},"end":{"line":80,"column":null}},"line":66},"5":{"name":"(anonymous_5)","decl":{"start":{"line":69,"column":27},"end":{"line":69,"column":39}},"loc":{"start":{"line":69,"column":39},"end":{"line":78,"column":5}},"line":69},"6":{"name":"index","decl":{"start":{"line":82,"column":8},"end":{"line":82,"column":42}},"loc":{"start":{"line":82,"column":42},"end":{"line":105,"column":null}},"line":82},"7":{"name":"(anonymous_7)","decl":{"start":{"line":84,"column":40},"end":{"line":84,"column":45}},"loc":{"start":{"line":84,"column":51},"end":{"line":84,"column":70}},"line":84},"8":{"name":"(anonymous_8)","decl":{"start":{"line":85,"column":45},"end":{"line":85,"column":50}},"loc":{"start":{"line":85,"column":56},"end":{"line":85,"column":72}},"line":85},"9":{"name":"(anonymous_9)","decl":{"start":{"line":86,"column":44},"end":{"line":86,"column":49}},"loc":{"start":{"line":86,"column":55},"end":{"line":86,"column":64}},"line":86},"10":{"name":"(anonymous_10)","decl":{"start":{"line":88,"column":18},"end":{"line":88,"column":23}},"loc":{"start":{"line":88,"column":29},"end":{"line":104,"column":5}},"line":88}},"branchMap":{"0":{"loc":{"start":{"line":42,"column":4},"end":{"line":42,"column":null}},"type":"if","locations":[{"start":{"line":42,"column":4},"end":{"line":42,"column":null}},{"start":{},"end":{}}],"line":42},"1":{"loc":{"start":{"line":42,"column":8},"end":{"line":42,"column":74}},"type":"binary-expr","locations":[{"start":{"line":42,"column":8},"end":{"line":42,"column":25}},{"start":{"line":42,"column":25},"end":{"line":42,"column":74}}],"line":42},"2":{"loc":{"start":{"line":43,"column":4},"end":{"line":43,"column":null}},"type":"if","locations":[{"start":{"line":43,"column":4},"end":{"line":43,"column":null}},{"start":{},"end":{}}],"line":43},"3":{"loc":{"start":{"line":67,"column":4},"end":{"line":67,"column":null}},"type":"if","locations":[{"start":{"line":67,"column":4},"end":{"line":67,"column":null}},{"start":{},"end":{}}],"line":67},"4":{"loc":{"start":{"line":67,"column":8},"end":{"line":67,"column":78}},"type":"binary-expr","locations":[{"start":{"line":67,"column":8},"end":{"line":67,"column":28}},{"start":{"line":67,"column":28},"end":{"line":67,"column":78}}],"line":67},"5":{"loc":{"start":{"line":68,"column":4},"end":{"line":68,"column":null}},"type":"if","locations":[{"start":{"line":68,"column":4},"end":{"line":68,"column":null}},{"start":{},"end":{}}],"line":68},"6":{"loc":{"start":{"line":90,"column":21},"end":{"line":90,"column":null}},"type":"cond-expr","locations":[{"start":{"line":90,"column":40},"end":{"line":90,"column":74}},{"start":{"line":90,"column":74},"end":{"line":90,"column":null}}],"line":90},"7":{"loc":{"start":{"line":91,"column":21},"end":{"line":91,"column":null}},"type":"binary-expr","locations":[{"start":{"line":91,"column":21},"end":{"line":91,"column":39}},{"start":{"line":91,"column":39},"end":{"line":91,"column":58}},{"start":{"line":91,"column":58},"end":{"line":91,"column":null}}],"line":91},"8":{"loc":{"start":{"line":94,"column":21},"end":{"line":94,"column":63}},"type":"binary-expr","locations":[{"start":{"line":94,"column":21},"end":{"line":94,"column":52}},{"start":{"line":94,"column":52},"end":{"line":94,"column":63}}],"line":94},"9":{"loc":{"start":{"line":95,"column":16},"end":{"line":95,"column":null}},"type":"binary-expr","locations":[{"start":{"line":95,"column":16},"end":{"line":95,"column":45}},{"start":{"line":95,"column":45},"end":{"line":95,"column":null}}],"line":95},"10":{"loc":{"start":{"line":97,"column":14},"end":{"line":97,"column":null}},"type":"cond-expr","locations":[{"start":{"line":97,"column":24},"end":{"line":97,"column":56}},{"start":{"line":97,"column":56},"end":{"line":97,"column":null}}],"line":97},"11":{"loc":{"start":{"line":97,"column":24},"end":{"line":97,"column":56}},"type":"binary-expr","locations":[{"start":{"line":97,"column":24},"end":{"line":97,"column":48}},{"start":{"line":97,"column":48},"end":{"line":97,"column":56}}],"line":97},"12":{"loc":{"start":{"line":98,"column":19},"end":{"line":98,"column":null}},"type":"binary-expr","locations":[{"start":{"line":98,"column":19},"end":{"line":98,"column":39}},{"start":{"line":98,"column":39},"end":{"line":98,"column":null}}],"line":98},"13":{"loc":{"start":{"line":101,"column":18},"end":{"line":101,"column":null}},"type":"binary-expr","locations":[{"start":{"line":101,"column":18},"end":{"line":101,"column":44}},{"start":{"line":101,"column":44},"end":{"line":101,"column":null}}],"line":101},"14":{"loc":{"start":{"line":102,"column":20},"end":{"line":102,"column":null}},"type":"binary-expr","locations":[{"start":{"line":102,"column":20},"end":{"line":102,"column":36}},{"start":{"line":102,"column":36},"end":{"line":102,"column":null}}],"line":102}},"s":{"0":2,"1":2,"2":5,"3":5,"4":5,"5":5,"6":5,"7":1,"8":1,"9":9,"10":1,"11":8,"12":2,"13":6,"14":6,"15":6,"16":6,"17":6,"18":6,"19":6,"20":6,"21":9,"22":1,"23":8,"24":2,"25":6,"26":6,"27":6,"28":6,"29":6,"30":6,"31":6,"32":6,"33":9,"34":8,"35":8,"36":8,"37":24,"38":8,"39":8,"40":8,"41":32,"42":32,"43":32,"44":32},"f":{"0":5,"1":1,"2":9,"3":6,"4":9,"5":6,"6":9,"7":8,"8":24,"9":8,"10":32},"b":{"0":[1,8],"1":[9,1],"2":[2,6],"3":[1,8],"4":[9,1],"5":[2,6],"6":[8,24],"7":[32,24,16],"8":[32,16],"9":[32,0],"10":[16,16],"11":[16,0],"12":[32,24],"13":[32,24],"14":[32,0]},"meta":{"lastBranch":15,"lastFunction":11,"lastStatement":45,"seen":{"s:5:24:5:Infinity":0,"s:12:22:12:Infinity":1,"s:28:43:28:Infinity":2,"s:29:55:29:Infinity":3,"s:30:66:30:Infinity":4,"s:31:54:31:Infinity":5,"f:33:2:33:14":0,"s:33:22:33:38":6,"f:36:2:36:21":1,"s:37:4:37:Infinity":7,"s:38:4:38:Infinity":8,"f:41:8:41:45":2,"b:42:4:42:Infinity:undefined:undefined:undefined:undefined":0,"s:42:4:42:Infinity":9,"b:42:8:42:25:42:25:42:74":1,"s:42:74:42:Infinity":10,"b:43:4:43:Infinity:undefined:undefined:undefined:undefined":2,"s:43:4:43:Infinity":11,"s:43:26:43:Infinity":12,"s:44:4:62:Infinity":13,"f:44:24:44:36":3,"s:45:6:61:Infinity":14,"s:46:52:50:Infinity":15,"s:51:37:56:Infinity":16,"s:57:8:57:Infinity":17,"s:58:8:58:Infinity":18,"s:60:8:60:Infinity":19,"s:63:4:63:Infinity":20,"f:66:8:66:37":4,"b:67:4:67:Infinity:undefined:undefined:undefined:undefined":3,"s:67:4:67:Infinity":21,"b:67:8:67:28:67:28:67:78":4,"s:67:78:67:Infinity":22,"b:68:4:68:Infinity:undefined:undefined:undefined:undefined":5,"s:68:4:68:Infinity":23,"s:68:29:68:Infinity":24,"s:69:4:78:Infinity":25,"f:69:27:69:39":5,"s:70:6:77:Infinity":26,"s:71:20:71:Infinity":27,"s:72:23:72:Infinity":28,"s:73:8:73:Infinity":29,"s:74:8:74:Infinity":30,"s:76:8:76:Infinity":31,"s:79:4:79:Infinity":32,"f:82:8:82:42":6,"s:83:27:83:Infinity":33,"s:84:21:84:Infinity":34,"f:84:40:84:45":7,"s:84:51:84:70":35,"s:85:23:85:Infinity":36,"f:85:45:85:50":8,"s:85:56:85:72":37,"s:86:23:86:Infinity":38,"f:86:44:86:49":9,"s:86:55:86:64":39,"s:88:4:104:Infinity":40,"f:88:18:88:23":10,"s:89:20:89:Infinity":41,"s:90:21:90:Infinity":42,"b:90:40:90:74:90:74:90:Infinity":6,"s:91:21:91:Infinity":43,"b:91:21:91:39:91:39:91:58:91:58:91:Infinity":7,"s:92:6:103:Infinity":44,"b:94:21:94:52:94:52:94:63":8,"b:95:16:95:45:95:45:95:Infinity":9,"b:97:24:97:56:97:56:97:Infinity":10,"b:97:24:97:48:97:48:97:56":11,"b:98:19:98:39:98:39:98:Infinity":12,"b:101:18:101:44:101:44:101:Infinity":13,"b:102:20:102:36:102:36:102:Infinity":14},"fnNames":{}}}
,"/home/thomas/Perso/mcp-ha/mcp_ha/src/ha/http.ts": {"path":"/home/thomas/Perso/mcp-ha/mcp_ha/src/ha/http.ts","statementMap":{"0":{"start":{"line":5,"column":27},"end":{"line":5,"column":null}},"1":{"start":{"line":6,"column":28},"end":{"line":6,"column":null}},"2":{"start":{"line":8,"column":25},"end":{"line":8,"column":null}},"3":{"start":{"line":11,"column":2},"end":{"line":11,"column":null}},"4":{"start":{"line":11,"column":28},"end":{"line":11,"column":45}},"5":{"start":{"line":26,"column":22},"end":{"line":26,"column":40}},"6":{"start":{"line":29,"column":4},"end":{"line":29,"column":null}},"7":{"start":{"line":33,"column":4},"end":{"line":33,"column":null}},"8":{"start":{"line":33,"column":34},"end":{"line":33,"column":null}},"9":{"start":{"line":34,"column":4},"end":{"line":34,"column":null}},"10":{"start":{"line":34,"column":27},"end":{"line":34,"column":null}},"11":{"start":{"line":35,"column":4},"end":{"line":35,"column":null}},"12":{"start":{"line":39,"column":4},"end":{"line":39,"column":null}},"13":{"start":{"line":43,"column":4},"end":{"line":43,"column":null}},"14":{"start":{"line":44,"column":16},"end":{"line":52,"column":null}},"15":{"start":{"line":53,"column":4},"end":{"line":59,"column":null}},"16":{"start":{"line":54,"column":19},"end":{"line":54,"column":null}},"17":{"start":{"line":54,"column":48},"end":{"line":54,"column":50}},"18":{"start":{"line":55,"column":18},"end":{"line":55,"column":null}},"19":{"start":{"line":56,"column":6},"end":{"line":56,"column":null}},"20":{"start":{"line":57,"column":6},"end":{"line":57,"column":null}},"21":{"start":{"line":58,"column":6},"end":{"line":58,"column":null}},"22":{"start":{"line":60,"column":4},"end":{"line":60,"column":null}},"23":{"start":{"line":64,"column":10},"end":{"line":64,"column":null}},"24":{"start":{"line":65,"column":4},"end":{"line":87,"column":null}},"25":{"start":{"line":66,"column":6},"end":{"line":66,"column":null}},"26":{"start":{"line":68,"column":41},"end":{"line":68,"column":null}},"27":{"start":{"line":69,"column":23},"end":{"line":69,"column":null}},"28":{"start":{"line":70,"column":22},"end":{"line":70,"column":null}},"29":{"start":{"line":71,"column":24},"end":{"line":71,"column":null}},"30":{"start":{"line":72,"column":6},"end":{"line":75,"column":null}},"31":{"start":{"line":73,"column":8},"end":{"line":73,"column":null}},"32":{"start":{"line":73,"column":22},"end":{"line":73,"column":null}},"33":{"start":{"line":74,"column":8},"end":{"line":74,"column":null}},"34":{"start":{"line":76,"column":20},"end":{"line":76,"column":null}},"35":{"start":{"line":77,"column":6},"end":{"line":77,"column":null}},"36":{"start":{"line":78,"column":6},"end":{"line":78,"column":null}},"37":{"start":{"line":79,"column":6},"end":{"line":86,"column":null}},"38":{"start":{"line":80,"column":8},"end":{"line":80,"column":null}},"39":{"start":{"line":82,"column":8},"end":{"line":84,"column":null}},"40":{"start":{"line":83,"column":10},"end":{"line":83,"column":null}},"41":{"start":{"line":85,"column":8},"end":{"line":85,"column":null}},"42":{"start":{"line":91,"column":4},"end":{"line":91,"column":null}},"43":{"start":{"line":95,"column":4},"end":{"line":95,"column":null}},"44":{"start":{"line":99,"column":4},"end":{"line":104,"column":null}},"45":{"start":{"line":108,"column":4},"end":{"line":110,"column":null}},"46":{"start":{"line":109,"column":6},"end":{"line":109,"column":null}},"47":{"start":{"line":111,"column":4},"end":{"line":111,"column":null}},"48":{"start":{"line":116,"column":18},"end":{"line":116,"column":null}},"49":{"start":{"line":117,"column":17},"end":{"line":117,"column":null}},"50":{"start":{"line":118,"column":4},"end":{"line":118,"column":null}},"51":{"start":{"line":123,"column":18},"end":{"line":123,"column":null}},"52":{"start":{"line":124,"column":17},"end":{"line":129,"column":null}},"53":{"start":{"line":130,"column":4},"end":{"line":130,"column":null}}},"fnMap":{"0":{"name":"sleep","decl":{"start":{"line":10,"column":9},"end":{"line":10,"column":15}},"loc":{"start":{"line":10,"column":42},"end":{"line":12,"column":null}},"line":10},"1":{"name":"(anonymous_1)","decl":{"start":{"line":11,"column":13},"end":{"line":11,"column":22}},"loc":{"start":{"line":11,"column":28},"end":{"line":11,"column":45}},"line":11},"2":{"name":"constructor","decl":{"start":{"line":26,"column":2},"end":{"line":26,"column":14}},"loc":{"start":{"line":26,"column":40},"end":{"line":26,"column":null}},"line":26},"3":{"name":"supervisorAvailable","decl":{"start":{"line":28,"column":6},"end":{"line":28,"column":37}},"loc":{"start":{"line":28,"column":37},"end":{"line":30,"column":null}},"line":28},"4":{"name":"coreBase","decl":{"start":{"line":32,"column":2},"end":{"line":32,"column":10}},"loc":{"start":{"line":32,"column":29},"end":{"line":36,"column":null}},"line":32},"5":{"name":"coreToken","decl":{"start":{"line":38,"column":2},"end":{"line":38,"column":10}},"loc":{"start":{"line":38,"column":30},"end":{"line":40,"column":null}},"line":38},"6":{"name":"attempt","decl":{"start":{"line":42,"column":16},"end":{"line":42,"column":24}},"loc":{"start":{"line":42,"column":102},"end":{"line":61,"column":null}},"line":42},"7":{"name":"(anonymous_7)","decl":{"start":{"line":54,"column":36},"end":{"line":54,"column":48}},"loc":{"start":{"line":54,"column":48},"end":{"line":54,"column":50}},"line":54},"8":{"name":"request","decl":{"start":{"line":63,"column":16},"end":{"line":63,"column":24}},"loc":{"start":{"line":63,"column":102},"end":{"line":88,"column":null}},"line":63},"9":{"name":"coreGet","decl":{"start":{"line":90,"column":2},"end":{"line":90,"column":10}},"loc":{"start":{"line":90,"column":38},"end":{"line":92,"column":null}},"line":90},"10":{"name":"coreGetText","decl":{"start":{"line":94,"column":2},"end":{"line":94,"column":14}},"loc":{"start":{"line":94,"column":45},"end":{"line":96,"column":null}},"line":94},"11":{"name":"corePostText","decl":{"start":{"line":98,"column":2},"end":{"line":98,"column":15}},"loc":{"start":{"line":98,"column":61},"end":{"line":105,"column":null}},"line":98},"12":{"name":"requireSupervisor","decl":{"start":{"line":107,"column":2},"end":{"line":107,"column":10}},"loc":{"start":{"line":107,"column":38},"end":{"line":112,"column":null}},"line":107},"13":{"name":"supervisorGet","decl":{"start":{"line":115,"column":8},"end":{"line":115,"column":22}},"loc":{"start":{"line":115,"column":50},"end":{"line":119,"column":null}},"line":115},"14":{"name":"supervisorPost","decl":{"start":{"line":122,"column":8},"end":{"line":122,"column":23}},"loc":{"start":{"line":122,"column":66},"end":{"line":131,"column":null}},"line":122}},"branchMap":{"0":{"loc":{"start":{"line":33,"column":4},"end":{"line":33,"column":null}},"type":"if","locations":[{"start":{"line":33,"column":4},"end":{"line":33,"column":null}},{"start":{},"end":{}}],"line":33},"1":{"loc":{"start":{"line":34,"column":4},"end":{"line":34,"column":null}},"type":"if","locations":[{"start":{"line":34,"column":4},"end":{"line":34,"column":null}},{"start":{},"end":{}}],"line":34},"2":{"loc":{"start":{"line":39,"column":11},"end":{"line":39,"column":null}},"type":"binary-expr","locations":[{"start":{"line":39,"column":11},"end":{"line":39,"column":39}},{"start":{"line":39,"column":39},"end":{"line":39,"column":62}},{"start":{"line":39,"column":62},"end":{"line":39,"column":null}}],"line":39},"3":{"loc":{"start":{"line":43,"column":22},"end":{"line":43,"column":43}},"type":"binary-expr","locations":[{"start":{"line":43,"column":22},"end":{"line":43,"column":37}},{"start":{"line":43,"column":37},"end":{"line":43,"column":43}}],"line":43},"4":{"loc":{"start":{"line":50,"column":12},"end":{"line":50,"column":null}},"type":"binary-expr","locations":[{"start":{"line":50,"column":12},"end":{"line":50,"column":28}},{"start":{"line":50,"column":28},"end":{"line":50,"column":null}}],"line":50},"5":{"loc":{"start":{"line":53,"column":4},"end":{"line":59,"column":null}},"type":"if","locations":[{"start":{"line":53,"column":4},"end":{"line":59,"column":null}},{"start":{},"end":{}}],"line":53},"6":{"loc":{"start":{"line":55,"column":51},"end":{"line":55,"column":89}},"type":"binary-expr","locations":[{"start":{"line":55,"column":51},"end":{"line":55,"column":73}},{"start":{"line":55,"column":73},"end":{"line":55,"column":89}}],"line":55},"7":{"loc":{"start":{"line":57,"column":34},"end":{"line":57,"column":null}},"type":"binary-expr","locations":[{"start":{"line":57,"column":34},"end":{"line":57,"column":83}},{"start":{"line":57,"column":83},"end":{"line":57,"column":null}}],"li
[...]
umn":null}},"7":{"start":{"line":42,"column":18},"end":{"line":42,"column":null}},"8":{"start":{"line":43,"column":8},"end":{"line":43,"column":null}},"9":{"start":{"line":43,"column":16},"end":{"line":43,"column":null}},"10":{"start":{"line":44,"column":8},"end":{"line":51,"column":null}},"11":{"start":{"line":46,"column":60},"end":{"line":50,"column":12}},"12":{"start":{"line":54,"column":6},"end":{"line":65,"column":null}},"13":{"start":{"line":55,"column":18},"end":{"line":55,"column":null}},"14":{"start":{"line":56,"column":70},"end":{"line":56,"column":null}},"15":{"start":{"line":57,"column":8},"end":{"line":63,"column":null}},"16":{"start":{"line":58,"column":10},"end":{"line":62,"column":null}},"17":{"start":{"line":59,"column":25},"end":{"line":59,"column":null}},"18":{"start":{"line":60,"column":25},"end":{"line":60,"column":null}},"19":{"start":{"line":61,"column":12},"end":{"line":61,"column":null}},"20":{"start":{"line":61,"column":34},"end":{"line":61,"column":null}},"21":{"start":{"line":64,"column":8},"end":{"line":64,"column":null}},"22":{"start":{"line":67,"column":6},"end":{"line":73,"column":null}},"23":{"start":{"line":68,"column":64},"end":{"line":71,"column":10}},"24":{"start":{"line":79,"column":2},"end":{"line":79,"column":null}},"25":{"start":{"line":79,"column":27},"end":{"line":79,"column":null}},"26":{"start":{"line":81,"column":2},"end":{"line":161,"column":null}},"27":{"start":{"line":109,"column":18},"end":{"line":109,"column":null}},"28":{"start":{"line":110,"column":18},"end":{"line":110,"column":null}},"29":{"start":{"line":111,"column":12},"end":{"line":114,"column":null}},"30":{"start":{"line":112,"column":8},"end":{"line":112,"column":null}},"31":{"start":{"line":113,"column":8},"end":{"line":113,"column":null}},"32":{"start":{"line":116,"column":17},"end":{"line":116,"column":null}},"33":{"start":{"line":117,"column":6},"end":{"line":117,"column":null}},"34":{"start":{"line":117,"column":23},"end":{"line":117,"column":null}},"35":{"start":{"line":120,"column":28},"end":{"line":120,"column":null}},"36":{"start":{"line":121,"column":12},"end":{"line":124,"column":null}},"37":{"start":{"line":122,"column":8},"end":{"line":123,"column":null}},"38":{"start":{"line":122,"column":35},"end":{"line":122,"column":null}},"39":{"start":{"line":123,"column":13},"end":{"line":123,"column":null}},"40":{"start":{"line":123,"column":40},"end":{"line":123,"column":92}},"41":{"start":{"line":123,"column":54},"end":{"line":123,"column":92}},"42":{"start":{"line":123,"column":81},"end":{"line":123,"column":92}},"43":{"start":{"line":125,"column":6},"end":{"line":125,"column":null}},"44":{"start":{"line":126,"column":6},"end":{"line":126,"column":null}},"45":{"start":{"line":128,"column":6},"end":{"line":131,"column":null}},"46":{"start":{"line":129,"column":18},"end":{"line":129,"column":null}},"47":{"start":{"line":130,"column":8},"end":{"line":130,"column":null}},"48":{"start":{"line":130,"column":24},"end":{"line":130,"column":null}},"49":{"start":{"line":135,"column":30},"end":{"line":135,"column":null}},"50":{"start":{"line":136,"column":6},"end":{"line":138,"column":null}},"51":{"start":{"line":137,"column":8},"end":{"line":137,"column":null}},"52":{"start":{"line":140,"column":6},"end":{"line":147,"column":null}},"53":{"start":{"line":141,"column":8},"end":{"line":141,"column":null}},"54":{"start":{"line":142,"column":8},"end":{"line":146,"column":null}},"55":{"start":{"line":149,"column":47},"end":{"line":149,"column":null}},"56":{"start":{"line":150,"column":6},"end":{"line":150,"column":null}},"57":{"start":{"line":150,"column":18},"end":{"line":150,"column":null}},"58":{"start":{"line":151,"column":6},"end":{"line":151,"column":null}},"59":{"start":{"line":151,"column":16},"end":{"line":151,"column":null}},"60":{"start":{"line":152,"column":6},"end":{"line":152,"column":null}},"61":{"start":{"line":152,"column":27},"end":{"line":152,"column":null}},"62":{"start":{"line":154,"column":21},"end":{"line":154,"column":null}},"63":{"start":{"line":155,"column":6},"end":{"line":155,"column":null}},"64":{"start":{"line":156,"column":6},"end":{"line":159,"column":null}}},"fnMap":{"0":{"name":"fieldSummary","decl":{"start":{"line":9,"column":9},"end":{"line":9,"column":22}},"loc":{"start":{"line":9,"column":63},"end":{"line":18,"column":null}},"line":9},"1":{"name":"(anonymous_1)","decl":{"start":{"line":11,"column":32},"end":{"line":11,"column":37}},"loc":{"start":{"line":11,"column":52},"end":{"line":17,"column":4}},"line":11},"2":{"name":"registerServiceTools","decl":{"start":{"line":20,"column":16},"end":{"line":20,"column":37}},"loc":{"start":{"line":20,"column":80},"end":{"line":162,"column":null}},"line":20},"3":{"name":"(anonymous_3)","decl":{"start":{"line":35,"column":29},"end":{"line":35,"column":36}},"loc":{"start":{"line":35,"column":59},"end":{"line":74,"column":5}},"line":35},"4":{"name":"(anonymous_4)","decl":{"start":{"line":46,"column":38},"end":{"line":46,"column":43}},"loc":{"start":{"line":46,"column":60},"end":{"line":50,"column":12}},"line":46},"5":{"name":"(anonymous_5)","decl":{"start":{"line":68,"column":42},"end":{"line":68,"column":47}},"loc":{"start":{"line":68,"column":64},"end":{"line":71,"column":10}},"line":68},"6":{"name":"(anonymous_6)","decl":{"start":{"line":108,"column":28},"end":{"line":108,"column":35}},"loc":{"start":{"line":108,"column":99},"end":{"line":160,"column":5}},"line":108},"7":{"name":"(anonymous_7)","decl":{"start":{"line":111,"column":12},"end":{"line":111,"column":20}},"loc":{"start":{"line":111,"column":39},"end":{"line":114,"column":null}},"line":111},"8":{"name":"(anonymous_8)","decl":{"start":{"line":121,"column":12},"end":{"line":121,"column":23}},"loc":{"start":{"line":121,"column":38},"end":{"line":124,"column":null}},"line":121}},"branchMap":{"0":{"loc":{"start":{"line":10,"column":2},"end":{"line":10,"column":null}},"type":"if","locations":[{"start":{"line":10,"column":2},"end":{"line":10,"column":null}},{"start":{},"end":{}}],"line":10},"1":{"loc":{"start":{"line":14,"column":23},"end":{"line":14,"column":45}},"type":"binary-expr","locations":[{"start":{"line":14,"column":23},"end":{"line":14,"column":41}},{"start":{"line":14,"column":41},"end":{"line":14,"column":45}}],"line":14},"2":{"loc":{"start":{"line":15,"column":8},"end":{"line":15,"column":null}},"type":"cond-expr","locations":[{"start":{"line":15,"column":35},"end":{"line":15,"column":60}},{"start":{"line":15,"column":60},"end":{"line":15,"column":null}}],"line":15},"3":{"loc":{"start":{"line":16,"column":8},"end":{"line":16,"column":null}},"type":"cond-expr","locations":[{"start":{"line":16,"column":22},"end":{"line":16,"column":65}},{"start":{"line":16,"column":65},"end":{"line":16,"column":null}}],"line":16},"4":{"loc":{"start":{"line":41,"column":6},"end":{"line":52,"column":null}},"type":"if","locations":[{"start":{"line":41,"column":6},"end":{"line":52,"column":null}},{"start":{},"end":{}}],"line":41},"5":{"loc":{"start":{"line":43,"column":8},"end":{"line":43,"column":null}},"type":"if","locations":[{"start":{"line":43,"column":8},"end":{"line":43,"column":null}},{"start":{},"end":{}}],"line":43},"6":{"loc":{"start":{"line":48,"column":31},"end":{"line":48,"column":68}},"type":"binary-expr","locations":[{"start":{"line":48,"column":31},"end":{"line":48,"column":51}},{"start":{"line":48,"column":51},"end":{"line":48,"column":64}},{"start":{"line":48,"column":64},"end":{"line":48,"column":68}}],"line":48},"7":{"loc":{"start":{"line":54,"column":6},"end":{"line":65,"column":null}},"type":"if","locations":[{"start":{"line":54,"column":6},"end":{"line":65,"column":null}},{"start":{},"end":{}}],"line":54},"8":{"loc":{"start":{"line":60,"column":36},"end":{"line":60,"column":52}},"type":"binary-expr","locations":[{"start":{"line":60,"column":36},"end":{"line":60,"column":49}},{"start":{"line":60,"column":49},"end":{"line":60,"column":52}}],"line":60},"9":{"loc":{"start":{"line":60,"column":55},"end":{"line":60,"column":80}},"type":"binary-expr","locations":[{"start":{"line":60,"column":55},"end":{"line":60,"column":75}},{"start":{"line":60,"column":75},"end":{"line":60,"column":80}}],"line":60},"10":{"loc":{"start":{"line":61,"column":12},"end":{"line":61,"column":null}},"type":"if","locations":[{"start":{"line":61,"column":12},"end":{"line":61,"column":null}},{"start":{},"end":{}}],"line":61},"11":{"loc":{"start":{"line":61,"column":80},"end":{"line":61,"column":104}},"type":"binary-expr","locations":[{"start":{"line":61,"column":80},"end":{"line":61,"column":100}},{"start":{"line":61,"column":100},"end":{"line":61,"column":104}}],"line":61},"12":{"loc":{"start":{"line":79,"column":2},"end":{"line":79,"column":null}},"type":"if","locations":[{"start":{"line":79,"column":2},"end":{"line":79,"column":null}},{"start":{},"end":{}}],"line":79},"13":{"loc":{"start":{"line":117,"column":6},"end":{"line":117,"column":null}},"type":"if","locations":[{"start":{"line":117,"column":6},"end":{"line":117,"column":null}},{"start":{},"end":{}}],"line":117},"14":{"loc":{"start":{"line":117,"column":28},"end":{"line":117,"column":57}},"type":"binary-expr","locations":[{"start":{"line":117,"column":28},"end":{"line":117,"column":41}},{"start":{"line":117,"column":41},"end":{"line":117,"column":57}}],"line":117},"15":{"loc":{"start":{"line":122,"column":8},"end":{"line":123,"column":null}},"type":"if","locations":[{"start":{"line":122,"column":8},"end":{"line":123,"column":null}},{"start":{"line":123,"column":13},"end":{"line":123,"column":null}}],"line":122},"16":{"loc":{"start":{"line":123,"column":13},"end":{"line":123,"column":null}},"type":"if","locations":[{"start":{"line":123,"column":13},"end":{"line":123,"column":null}},{"start":{},"end":{}}],"line":123},"17":{"loc":{"start":{"line":123,"column":54},"end":{"line":123,"column":92}},"type":"if","locations":[{"start":{"line":123,"column":54},"end":{"line":123,"column":92}},{"start":{},"end":{}}],"line":123},"18":{"loc":{"start":{"line":130,"column":8},"end":{"line":130,"column":null}},"type":"if","locations":[{"start":{"line":130,"column":8},"end":{"line":130,"column":null}},{"start":{},"end":{}}],"line":130},"19":{"loc":{"start":{"line":130,"column":29},"end":{"line":130,"column":63}},"type":"binary-expr","locations":[{"start":{"line":130,"column":29},"end":{"line":130,"column":41}},{"start":{"line":130,"column":41},"end":{"line":130,"column":63}}],"line":130},"20":{"loc":{"start":{"line":135,"column":30},"end":{"line":135,"column":null}},"type":"binary-expr","locations":[{"start":{"line":135,"column":30},"end":{"line":135,"column":68}},{"start":{"line":135,"column":68},"end":{"line":135,"column":null}}],"line":135},"21":{"loc":{"start":{"line":136,"column":6},"end":{"line":138,"column":null}},"type":"if","locations":[{"start":{"line":136,"column":6},"end":{"line":138,"column":null}},{"start":{},"end":{}}],"line":136},"22":{"loc":{"start":{"line":136,"column":10},"end":{"line":136,"column":69}},"type":"binary-expr","locations":[{"start":{"line":136,"column":10},"end":{"line":136,"column":30}},{"start":{"line":136,"column":30},"end":{"line":136,"column":49}},{"start":{"line":136,"column":49},"end":{"line":136,"column":69}}],"line":136},"23":{"loc":{"start":{"line":140,"column":6},"end":{"line":147,"column":null}},"type":"if","locations":[{"start":{"line":140,"column":6},"end":{"line":147,"column":null}},{"start":{},"end":{}}],"line":140},"24":{"loc":{"start":{"line":144,"column":59},"end":{"line":144,"column":75}},"type":"binary-expr","locations":[{"start":{"line":144,"column":59},"end":{"line":144,"column":69}},{"start":{"line":144,"column":69},"end":{"line":144,"column":75}}],"line":144},"25":{"loc":{"start":{"line":144,"column":81},"end":{"line":144,"column":94}},"type":"binary-expr","locations":[{"start":{"line":144,"column":81},"end":{"line":144,"column":89}},{"start":{"line":144,"column":89},"end":{"line":144,"column":94}}],"line":144},"26":{"loc":{"start":{"line":150,"column":6},"end":{"line":150,"column":null}},"type":"if","locations":[{"start":{"line":150,"column":6},"end":{"line":150,"column":null}},{"start":{},"end":{}}],"line":150},"27":{"loc":{"start":{"line":151,"column":6},"end":{"line":151,"column":null}},"type":"if","locations":[{"start":{"line":151,"column":6},"end":{"line":151,"column":null}},{"start":{},"end":{}}],"line":151},"28":{"loc":{"start":{"line":152,"column":6},"end":{"line":152,"column":null}},"type":"if","locations":[{"start":{"line":152,"column":6},"end":{"line":152,"column":null}},{"start":{},"end":{}}],"line":152},"29":{"loc":{"start":{"line":158,"column":12},"end":{"line":158,"column":null}},"type":"cond-expr","locations":[{"start":{"line":158,"column":45},"end":{"line":158,"column":77}},{"start":{"line":158,"column":77},"end":{"line":158,"column":null}}],"line":158}},"s":{"0":2,"1":0,"2":2,"3":1,"4":16,"5":4,"6":4,"7":2,"8":2,"9":1,"10":1,"11":2,"12":2,"13":1,"14":1,"15":1,"16":2,"17":3,"18":3,"19":3,"20":1,"21":1,"22":1,"23":2,"24":16,"25":6,"26":10,"27":9,"28":9,"29":9,"30":5,"31":5,"32":9,"33":9,"34":1,"35":8,"36":8,"37":16,"38":6,"39":10,"40":0,"41":0,"42":0,"43":8,"44":9,"45":9,"46":6,"47":6,"48":3,"49":5,"50":9,"51":1,"52":4,"53":1,"54":1,"55":3,"56":3,"57":3,"58":3,"59":1,"60":3,"61":1,"62":3,"63":3,"64":3},"f":{"0":2,"1":1,"2":16,"3":4,"4":2,"5":2,"6":9,"7":5,"8":16},"b":{"0":[0,2],"1":[1,0],"2":[0,1],"3":[1,0],"4":[2,2],"5":[1,1],"6":[2,0,0],"7":[1,1],"8":[3,0],"9":[3,0],"10":[1,2],"11":[1,0],"12":[6,10],"13":[1,8],"14":[1,0],"15":[6,10],"16":[0,10],"17":[0,0],"18":[3,3],"19":[3,0],"20":[5,3],"21":[1,8],"22":[9,2,1],"23":[1,3],"24":[1,0],"25":[1,0],"26":[3,0],"27":[1,2],"28":[1,2],"29":[1,2]},"meta":{"lastBranch":30,"lastFunction":9,"lastStatement":65,"seen":{"f:9:9:9:22":0,"b:10:2:10:Infinity:undefined:undefined:undefined:undefined":0,"s:10:2:10:Infinity":0,"s:10:15:10:Infinity":1,"s:11:2:17:Infinity":2,"f:11:32:11:37":1,"s:11:52:17:4":3,"b:14:23:14:41:14:41:14:45":1,"b:15:35:15:60:15:60:15:Infinity":2,"b:16:22:16:65:16:65:16:Infinity":3,"f:20:16:20:37":2,"s:21:2:75:Infinity":4,"f:35:29:35:36":3,"s:36:23:36:Infinity":5,"b:41:6:52:Infinity:undefined:undefined:undefined:undefined":4,"s:41:6:52:Infinity":6,"s:42:18:42:Infinity":7,"b:43:8:43:Infinity:undefined:undefined:undefined:undefined":5,"s:43:8:43:Infinity":8,"s:43:16:43:Infinity":9,"s:44:8:51:Infinity":10,"f:46:38:46:43":4,"s:46:60:50:12":11,"b:48:31:48:51:48:51:48:64:48:64:48:68":6,"b:54:6:65:Infinity:undefined:undefined:undefined:undefined":7,"s:54:6:65:Infinity":12,"s:55:18:55:Infinity":13,"s:56:70:56:Infinity":14,"s:57:8:63:Infinity":15,"s:58:10:62:Infinity":16,"s:59:25:59:Infinity":17,"s:60:25:60:Infinity":18,"b:60:36:60:49:60:49:60:52":8,"b:60:55:60:75:60:75:60:80":9,"b:61:12:61:Infinity:undefined:undefined:undefined:undefined":10,"s:61:12:61:Infinity":19,"s:61:34:61:Infinity":20,"b:61:80:61:100:61:100:61:104":11,"s:64:8:64:Infinity":21,"s:67:6:73:Infinity":22,"f:68:42:68:47":5,"s:68:64:71:10":23,"b:79:2:79:Infinity:undefined:undefined:undefined:undefined":12,"s:79:2:79:Infinity":24,"s:79:27:79:Infinity":25,"s:81:2:161:Infinity":26,"f:108:28:108:35":6,"s:109:18:109:Infinity":27,"s:110:18:110:Infinity":28,"s:111:12:114:Infinity":29,"f:111:12:111:20":7,"s:112:8:112:Infinity":30,"s:113:8:113:Infinity":31,"s:116:17:116:Infinity":32,"b:117:6:117:Infinity:undefined:undefined:undefined:undefined":13,"s:117:6:117:Infinity":33,"s:117:23:117:Infinity":34,"b:117:28:117:41:117:41:117:57":14,"s:120:28:120:Infinity":35,"s:121:12:124:Infinity":36,"f:121:12:121:23":8,"b:122:8:123:Infinity:123:13:123:Infinity":15,"s:122:8:123:Infinity":37,"s:122:35:122:Infinity":38,"b:123:13:123:Infinity:undefined:undefined:undefined:undefined":16,"s:123:13:123:Infinity":39,"s:123:40:123:92":40,"b:123:54:123:92:undefined:undefined:undefined:undefined":17,"s:123:54:123:92":41,"s:123:81:123:92":42,"s:125:6:125:Infinity":43,"s:126:6:126:Infinity":44,"s:128:6:131:Infinity":45,"s:129:18:129:Infinity":46,"b:130:8:130:Infinity:undefined:undefined:undefined:undefined":18,"s:130:8:130:Infinity":47,"s:130:24:130:Infinity":48,"b:130:29:130:41:130:41:130:63":19,"s:135:30:135:Infinity":49,"b:135:30:135:68:135:68:135:Infinity":20,"b:136:6:138:Infinity:undefined:undefined:undefined:undefined":21,"s:136:6:138:Infinity":50,"b:136:10:136:30:136:30:136:49:136:49:136:69":22,"s:137:8:137:Infinity":51,"b:140:6:147:Infinity:undefined:undefined:undefined:undefined":23,"s:140:6:147:Infinity":52,"s:141:8:141:Infinity":53,"s:142:8:146:Infinity":54,"b:144:59:144:69:144:69:144:75":24,"b:144:81:144:89:144:89:144:94":25,"s:149:47:149:Infinity":55,"b:150:6:150:Infinity:undefined:undefined:undefined:undefined":26,"s:150:6:150:Infinity":56,"s:150:18:150:Infinity":57,"b:151:6:151:Infinity:undefined:undefined:undefined:undefined":27,"s:151:6:151:Infinity":58,"s:151:16:151:Infinity":59,"b:152:6:152:Infinity:undefined:undefined:undefined:undefined":28,"s:152:6:152:Infinity":60,"s:152:27:152:Infinity":61,"s:154:21:154:Infinity":62,"s:155:6:155:Infinity":63,"s:156:6:159:Infinity":64,"b:158:45:158:77:158:77:158:Infinity":29},"fnNames":{}}}
,"/home/thomas/Perso/mcp-ha/mcp_ha/src/mcp/tools/system.ts": {"path":"/home/thomas/Perso/mcp-ha/mcp_ha/src/mcp/tools/system.ts","statementMap":{"0":{"start":{"line":10,"column":2},"end":{"line":31,"column":null}},"1":{"start":{"line":11,"column":4},"end":{"line":31,"column":null}},"2":{"start":{"line":28,"column":23},"end":{"line":28,"column":null}},"3":{"start":{"line":29,"column":6},"end":{"line":29,"column":null}},"4":{"start":{"line":33,"column":2},"end":{"line":68,"column":null}},"5":{"start":{"line":46,"column":6},"end":{"line":58,"column":null}},"6":{"start":{"line":47,"column":18},"end":{"line":47,"column":null}},"7":{"start":{"line":48,"column":8},"end":{"line":57,"column":null}},"8":{"start":{"line":59,"column":19},"end":{"line":59,"column":null}},"9":{"start":{"line":60,"column":20},"end":{"line":60,"column":null}},"10":{"start":{"line":61,"column":19},"end":{"line":61,"column":null}},"11":{"start":{"line":62,"column":6},"end":{"line":66,"column":null}}},"fnMap":{"0":{"name":"registerSystemTools","decl":{"start":{"line":6,"column":16},"end":{"line":6,"column":36}},"loc":{"start":{"line":6,"column":79},"end":{"line":69,"column":null}},"line":6},"1":{"name":"(anonymous_1)","decl":{"start":{"line":24,"column":31},"end":{"line":24,"column":38}},"loc":{"start":{"line":24,"column":55},"end":{"line":30,"column":5}},"line":24},"2":{"name":"(anonymous_2)","decl":{"start":{"line":45,"column":26},"end":{"line":45,"column":33}},"loc":{"start":{"line":45,"column":49},"end":{"line":67,"column":5}},"line":45}},"branchMap":{"0":{"loc":{"start":{"line":10,"column":2},"end":{"line":31,"column":null}},"type":"if","locations":[{"start":{"line":10,"column":2},"end":{"line":31,"column":null}},{"start":{},"end":{}}],"line":10},"1":{"loc":{"start":{"line":46,"column":6},"end":{"line":58,"column":null}},"type":"if","locations":[{"start":{"line":46,"column":6},"end":{"line":58,"column":null}},{"start":{},"end":{}}],"line":46},"2":{"loc":{"start":{"line":55,"column":22},"end":{"line":55,"column":null}},"type":"cond-expr","locations":[{"start":{"line":55,"column":52},"end":{"line":55,"column":74}},{"start":{"line":55,"column":74},"end":{"line":55,"column":null}}],"line":55}},"s":{"0":6,"1":5,"2":1,"3":1,"4":6,"5":2,"6":1,"7":1,"8":1,"9":1,"10":1,"11":1},"f":{"0":6,"1":1,"2":2},"b":{"0":[5,1],"1":[1,1],"2":[1,0]},"meta":{"lastBranch":3,"lastFunction":3,"lastStatement":12,"seen":{"f:6:16:6:36":0,"b:10:2:31:Infinity:undefined:undefined:undefined:undefined":0,"s:10:2:31:Infinity":0,"s:11:4:31:Infinity":1,"f:24:31:24:38":1,"s:28:23:28:Infinity":2,"s:29:6:29:Infinity":3,"s:33:2:68:Infinity":4,"f:45:26:45:33":2,"b:46:6:58:Infinity:undefined:undefined:undefined:undefined":1,"s:46:6:58:Infinity":5,"s:47:18:47:Infinity":6,"s:48:8:57:Infinity":7,"b:55:52:55:74:55:74:55:Infinity":2,"s:59:19:59:Infinity":8,"s:60:20:60:Infinity":9,"s:61:19:61:Infinity":10,"s:62:6:66:Infinity":11},"fnNames":{}}}
}
